#-----------------------------------------------------------
# Vivado v2017.2 (64-bit)
# SW Build 1909853 on Thu Jun 15 18:39:09 MDT 2017
# IP Build 1909766 on Thu Jun 15 19:58:00 MDT 2017
# Start of session at: Tue May 14 22:00:05 2019
# Process ID: 32844
# Current directory: C:/Users/Misael/Desktop/UNB/7 SEMESTRE/PROJETO DE CIRCUITOS RECONFIGURAVEIS/Lista1/ex3_neuronioGMBII
# Command line: vivado.exe -gui_launcher_event rodinguilauncherevent31160 C:\Users\Misael\Desktop\UNB\7 SEMESTRE\PROJETO DE CIRCUITOS RECONFIGURAVEIS\Lista1\ex3_neuronioGMBII\ex3_neuronioGMBII.xpr
# Log file: C:/Users/Misael/Desktop/UNB/7 SEMESTRE/PROJETO DE CIRCUITOS RECONFIGURAVEIS/Lista1/ex3_neuronioGMBII/vivado.log
# Journal file: C:/Users/Misael/Desktop/UNB/7 SEMESTRE/PROJETO DE CIRCUITOS RECONFIGURAVEIS/Lista1/ex3_neuronioGMBII\vivado.jou
#-----------------------------------------------------------
start_gui
open_project {C:/Users/Misael/Desktop/UNB/7 SEMESTRE/PROJETO DE CIRCUITOS RECONFIGURAVEIS/Lista1/ex3_neuronioGMBII/ex3_neuronioGMBII.xpr}
INFO: [ProjectBase 1-489] The host OS only allows 260 characters in a normal path. The project is stored in a path with more than 80 characters. If you experience issues with IP, Block Designs, or files not being found, please consider moving the project to a location with a shorter path. Alternately consider using the OS subst command to map part of the path to a drive letter.
Current project path is 'C:/Users/Misael/Desktop/UNB/7 SEMESTRE/PROJETO DE CIRCUITOS RECONFIGURAVEIS/Lista1/ex3_neuronioGMBII'
Scanning sources...
Finished scanning sources
INFO: [IP_Flow 19-234] Refreshing IP repositories
INFO: [IP_Flow 19-1704] No user IP repositories specified
INFO: [IP_Flow 19-2313] Loaded Vivado IP repository 'C:/Xilinx/Vivado/2017.2/data/ip'.
open_project: Time (s): cpu = 00:00:14 ; elapsed = 00:00:06 . Memory (MB): peak = 767.926 ; gain = 27.375
update_compile_order -fileset sources_1
launch_runs synth_1 -jobs 4
[Tue May 14 22:03:36 2019] Launched synth_1...
Run output will be captured here: C:/Users/Misael/Desktop/UNB/7 SEMESTRE/PROJETO DE CIRCUITOS RECONFIGURAVEIS/Lista1/ex3_neuronioGMBII/ex3_neuronioGMBII.runs/synth_1/runme.log
launch_runs impl_1 -jobs 4
[Tue May 14 22:04:32 2019] Launched impl_1...
Run output will be captured here: C:/Users/Misael/Desktop/UNB/7 SEMESTRE/PROJETO DE CIRCUITOS RECONFIGURAVEIS/Lista1/ex3_neuronioGMBII/ex3_neuronioGMBII.runs/impl_1/runme.log
reset_run impl_1
WARNING: [Vivado 12-1017] Problems encountered:
1. PID not specified

add_files -fileset constrs_1 -norecurse {{C:/Users/Misael/Desktop/UNB/7 SEMESTRE/PROJETO DE CIRCUITOS RECONFIGURAVEIS/Lista1/ex2_ping_pong/ex2_ping_pong.srcs/constrs_1/imports/ping_pong/basys3.xdc}}
import_files -fileset constrs_1 {{C:/Users/Misael/Desktop/UNB/7 SEMESTRE/PROJETO DE CIRCUITOS RECONFIGURAVEIS/Lista1/ex2_ping_pong/ex2_ping_pong.srcs/constrs_1/imports/ping_pong/basys3.xdc}}
reset_run synth_1
launch_runs impl_1 -jobs 4
[Tue May 14 22:13:34 2019] Launched synth_1...
Run output will be captured here: C:/Users/Misael/Desktop/UNB/7 SEMESTRE/PROJETO DE CIRCUITOS RECONFIGURAVEIS/Lista1/ex3_neuronioGMBII/ex3_neuronioGMBII.runs/synth_1/runme.log
[Tue May 14 22:13:34 2019] Launched impl_1...
Run output will be captured here: C:/Users/Misael/Desktop/UNB/7 SEMESTRE/PROJETO DE CIRCUITOS RECONFIGURAVEIS/Lista1/ex3_neuronioGMBII/ex3_neuronioGMBII.runs/impl_1/runme.log
launch_runs impl_1 -to_step write_bitstream -jobs 4
[Tue May 14 22:16:36 2019] Launched impl_1...
Run output will be captured here: C:/Users/Misael/Desktop/UNB/7 SEMESTRE/PROJETO DE CIRCUITOS RECONFIGURAVEIS/Lista1/ex3_neuronioGMBII/ex3_neuronioGMBII.runs/impl_1/runme.log
reset_run synth_1
launch_runs impl_1 -jobs 4
[Tue May 14 22:19:53 2019] Launched synth_1...
Run output will be captured here: C:/Users/Misael/Desktop/UNB/7 SEMESTRE/PROJETO DE CIRCUITOS RECONFIGURAVEIS/Lista1/ex3_neuronioGMBII/ex3_neuronioGMBII.runs/synth_1/runme.log
[Tue May 14 22:19:53 2019] Launched impl_1...
Run output will be captured here: C:/Users/Misael/Desktop/UNB/7 SEMESTRE/PROJETO DE CIRCUITOS RECONFIGURAVEIS/Lista1/ex3_neuronioGMBII/ex3_neuronioGMBII.runs/impl_1/runme.log
launch_runs impl_1 -to_step write_bitstream -jobs 4
[Tue May 14 22:23:16 2019] Launched impl_1...
Run output will be captured here: C:/Users/Misael/Desktop/UNB/7 SEMESTRE/PROJETO DE CIRCUITOS RECONFIGURAVEIS/Lista1/ex3_neuronioGMBII/ex3_neuronioGMBII.runs/impl_1/runme.log
open_hw
connect_hw_server
INFO: [Labtools 27-2285] Connecting to hw_server url TCP:localhost:3121
INFO: [Labtools 27-2222] Launching hw_server...
INFO: [Labtools 27-2221] Launch Output:

****** Xilinx hw_server v2017.2
  **** Build date : Jun 15 2017-18:53:26
    ** Copyright 1986-2017 Xilinx, Inc. All Rights Reserved.


open_hw_target
INFO: [Labtoolstcl 44-466] Opening hw_target localhost:3121/xilinx_tcf/Digilent/210183A75A6DA
set_property PROGRAM.FILE {C:/Users/Misael/Desktop/UNB/7 SEMESTRE/PROJETO DE CIRCUITOS RECONFIGURAVEIS/Lista1/ex3_neuronioGMBII/ex3_neuronioGMBII.runs/impl_1/ex3_neuronioGMBII.bit} [get_hw_devices xc7a35t_0]
current_hw_device [get_hw_devices xc7a35t_0]
refresh_hw_device -update_hw_probes false [lindex [get_hw_devices xc7a35t_0] 0]
INFO: [Labtools 27-1434] Device xc7a35t (JTAG device index = 0) is programmed with a design that has no supported debug core(s) in it.
WARNING: [Labtools 27-3361] The debug hub core was not detected.
Resolution: 
1. Make sure the clock connected to the debug hub (dbg_hub) core is a free running clock and is active.
2. Make sure the BSCAN_SWITCH_USER_MASK device property in Vivado Hardware Manager reflects the user scan chain setting in the design and refresh the device.  To determine the user scan chain setting in the design, open the implemented design and use 'get_property C_USER_SCAN_CHAIN [get_debug_cores dbg_hub]'.
For more details on setting the scan chain property, consult the Vivado Debug and Programming User Guide (UG908).
set_property PROBES.FILE {} [get_hw_devices xc7a35t_0]
set_property FULL_PROBES.FILE {} [get_hw_devices xc7a35t_0]
set_property PROGRAM.FILE {C:/Users/Misael/Desktop/UNB/7 SEMESTRE/PROJETO DE CIRCUITOS RECONFIGURAVEIS/Lista1/ex3_neuronioGMBII/ex3_neuronioGMBII.runs/impl_1/ex3_neuronioGMBII.bit} [get_hw_devices xc7a35t_0]
program_hw_devices [get_hw_devices xc7a35t_0]
INFO: [Labtools 27-3164] End of startup status: HIGH
refresh_hw_device [lindex [get_hw_devices xc7a35t_0] 0]
INFO: [Labtools 27-1434] Device xc7a35t (JTAG device index = 0) is programmed with a design that has no supported debug core(s) in it.
WARNING: [Labtools 27-3361] The debug hub core was not detected.
Resolution: 
1. Make sure the clock connected to the debug hub (dbg_hub) core is a free running clock and is active.
2. Make sure the BSCAN_SWITCH_USER_MASK device property in Vivado Hardware Manager reflects the user scan chain setting in the design and refresh the device.  To determine the user scan chain setting in the design, open the implemented design and use 'get_property C_USER_SCAN_CHAIN [get_debug_cores dbg_hub]'.
For more details on setting the scan chain property, consult the Vivado Debug and Programming User Guide (UG908).
set_property PROBES.FILE {} [get_hw_devices xc7a35t_0]
set_property FULL_PROBES.FILE {} [get_hw_devices xc7a35t_0]
set_property PROGRAM.FILE {C:/Users/Misael/Desktop/UNB/7 SEMESTRE/PROJETO DE CIRCUITOS RECONFIGURAVEIS/Lista1/ex3_neuronioGMBII/ex3_neuronioGMBII.runs/impl_1/ex3_neuronioGMBII.bit} [get_hw_devices xc7a35t_0]
program_hw_devices [get_hw_devices xc7a35t_0]
INFO: [Labtools 27-3164] End of startup status: HIGH
refresh_hw_device [lindex [get_hw_devices xc7a35t_0] 0]
INFO: [Labtools 27-1434] Device xc7a35t (JTAG device index = 0) is programmed with a design that has no supported debug core(s) in it.
WARNING: [Labtools 27-3361] The debug hub core was not detected.
Resolution: 
1. Make sure the clock connected to the debug hub (dbg_hub) core is a free running clock and is active.
2. Make sure the BSCAN_SWITCH_USER_MASK device property in Vivado Hardware Manager reflects the user scan chain setting in the design and refresh the device.  To determine the user scan chain setting in the design, open the implemented design and use 'get_property C_USER_SCAN_CHAIN [get_debug_cores dbg_hub]'.
For more details on setting the scan chain property, consult the Vivado Debug and Programming User Guide (UG908).
close_hw
reset_run synth_1
launch_runs impl_1 -to_step write_bitstream -jobs 4
[Tue May 14 22:49:19 2019] Launched synth_1...
Run output will be captured here: C:/Users/Misael/Desktop/UNB/7 SEMESTRE/PROJETO DE CIRCUITOS RECONFIGURAVEIS/Lista1/ex3_neuronioGMBII/ex3_neuronioGMBII.runs/synth_1/runme.log
[Tue May 14 22:49:19 2019] Launched impl_1...
Run output will be captured here: C:/Users/Misael/Desktop/UNB/7 SEMESTRE/PROJETO DE CIRCUITOS RECONFIGURAVEIS/Lista1/ex3_neuronioGMBII/ex3_neuronioGMBII.runs/impl_1/runme.log
open_hw
connect_hw_server
INFO: [Labtools 27-2285] Connecting to hw_server url TCP:localhost:3121
INFO: [Labtools 27-2222] Launching hw_server...
INFO: [Labtools 27-2221] Launch Output:

****** Xilinx hw_server v2017.2
  **** Build date : Jun 15 2017-18:53:26
    ** Copyright 1986-2017 Xilinx, Inc. All Rights Reserved.


open_hw_target
INFO: [Labtoolstcl 44-466] Opening hw_target localhost:3121/xilinx_tcf/Digilent/210183A75A6DA
set_property PROGRAM.FILE {C:/Users/Misael/Desktop/UNB/7 SEMESTRE/PROJETO DE CIRCUITOS RECONFIGURAVEIS/Lista1/ex3_neuronioGMBII/ex3_neuronioGMBII.runs/impl_1/ex3_neuronioGMBII.bit} [get_hw_devices xc7a35t_0]
current_hw_device [get_hw_devices xc7a35t_0]
refresh_hw_device -update_hw_probes false [lindex [get_hw_devices xc7a35t_0] 0]
INFO: [Labtools 27-1434] Device xc7a35t (JTAG device index = 0) is programmed with a design that has no supported debug core(s) in it.
WARNING: [Labtools 27-3361] The debug hub core was not detected.
Resolution: 
1. Make sure the clock connected to the debug hub (dbg_hub) core is a free running clock and is active.
2. Make sure the BSCAN_SWITCH_USER_MASK device property in Vivado Hardware Manager reflects the user scan chain setting in the design and refresh the device.  To determine the user scan chain setting in the design, open the implemented design and use 'get_property C_USER_SCAN_CHAIN [get_debug_cores dbg_hub]'.
For more details on setting the scan chain property, consult the Vivado Debug and Programming User Guide (UG908).
set_property PROBES.FILE {} [get_hw_devices xc7a35t_0]
set_property FULL_PROBES.FILE {} [get_hw_devices xc7a35t_0]
set_property PROGRAM.FILE {C:/Users/Misael/Desktop/UNB/7 SEMESTRE/PROJETO DE CIRCUITOS RECONFIGURAVEIS/Lista1/ex3_neuronioGMBII/ex3_neuronioGMBII.runs/impl_1/ex3_neuronioGMBII.bit} [get_hw_devices xc7a35t_0]
program_hw_devices [get_hw_devices xc7a35t_0]
INFO: [Labtools 27-3164] End of startup status: HIGH
refresh_hw_device [lindex [get_hw_devices xc7a35t_0] 0]
INFO: [Labtools 27-1434] Device xc7a35t (JTAG device index = 0) is programmed with a design that has no supported debug core(s) in it.
WARNING: [Labtools 27-3361] The debug hub core was not detected.
Resolution: 
1. Make sure the clock connected to the debug hub (dbg_hub) core is a free running clock and is active.
2. Make sure the BSCAN_SWITCH_USER_MASK device property in Vivado Hardware Manager reflects the user scan chain setting in the design and refresh the device.  To determine the user scan chain setting in the design, open the implemented design and use 'get_property C_USER_SCAN_CHAIN [get_debug_cores dbg_hub]'.
For more details on setting the scan chain property, consult the Vivado Debug and Programming User Guide (UG908).
synth_design -rtl -name rtl_1
Command: synth_design -rtl -name rtl_1
Starting synth_design
Using part: xc7a35tcpg236-1
Top: ex3_neuronioGMBII
---------------------------------------------------------------------------------
Starting RTL Elaboration : Time (s): cpu = 00:00:05 ; elapsed = 00:00:09 . Memory (MB): peak = 1061.094 ; gain = 37.352
---------------------------------------------------------------------------------
INFO: [Synth 8-638] synthesizing module 'ex3_neuronioGMBII' [C:/Users/Misael/Desktop/UNB/7 SEMESTRE/PROJETO DE CIRCUITOS RECONFIGURAVEIS/Lista1/ex3_neuronioGMBII/ex3_neuronioGMBII.srcs/sources_1/new/ex3_neuronioGMBII.vhd:47]
INFO: [Synth 8-3491] module 'neuronio' declared at 'C:/Users/Misael/Desktop/UNB/7 SEMESTRE/PROJETO DE CIRCUITOS RECONFIGURAVEIS/Lista1/ex3_neuronioGMBII/ex3_neuronioGMBII.srcs/sources_1/imports/simauto/neuronio.vhd:29' bound to instance 'my_neuro' of component 'neuronio' [C:/Users/Misael/Desktop/UNB/7 SEMESTRE/PROJETO DE CIRCUITOS RECONFIGURAVEIS/Lista1/ex3_neuronioGMBII/ex3_neuronioGMBII.srcs/sources_1/new/ex3_neuronioGMBII.vhd:66]
INFO: [Synth 8-638] synthesizing module 'neuronio' [C:/Users/Misael/Desktop/UNB/7 SEMESTRE/PROJETO DE CIRCUITOS RECONFIGURAVEIS/Lista1/ex3_neuronioGMBII/ex3_neuronioGMBII.srcs/sources_1/imports/simauto/neuronio.vhd:38]
INFO: [Synth 8-3491] module 'multiplierfsm_v2' declared at 'C:/Users/Misael/Desktop/UNB/7 SEMESTRE/PROJETO DE CIRCUITOS RECONFIGURAVEIS/Lista1/ex3_neuronioGMBII/ex3_neuronioGMBII.srcs/sources_1/imports/simauto/multiplierfsm_v2.vhd:26' bound to instance 'mul_0' of component 'multiplierfsm_v2' [C:/Users/Misael/Desktop/UNB/7 SEMESTRE/PROJETO DE CIRCUITOS RECONFIGURAVEIS/Lista1/ex3_neuronioGMBII/ex3_neuronioGMBII.srcs/sources_1/imports/simauto/neuronio.vhd:62]
INFO: [Synth 8-638] synthesizing module 'multiplierfsm_v2' [C:/Users/Misael/Desktop/UNB/7 SEMESTRE/PROJETO DE CIRCUITOS RECONFIGURAVEIS/Lista1/ex3_neuronioGMBII/ex3_neuronioGMBII.srcs/sources_1/imports/simauto/multiplierfsm_v2.vhd:36]
WARNING: [Synth 8-614] signal 's_mul_man' is read in the process but is not in the sensitivity list [C:/Users/Misael/Desktop/UNB/7 SEMESTRE/PROJETO DE CIRCUITOS RECONFIGURAVEIS/Lista1/ex3_neuronioGMBII/ex3_neuronioGMBII.srcs/sources_1/imports/simauto/multiplierfsm_v2.vhd:64]
WARNING: [Synth 8-614] signal 's_add_exp' is read in the process but is not in the sensitivity list [C:/Users/Misael/Desktop/UNB/7 SEMESTRE/PROJETO DE CIRCUITOS RECONFIGURAVEIS/Lista1/ex3_neuronioGMBII/ex3_neuronioGMBII.srcs/sources_1/imports/simauto/multiplierfsm_v2.vhd:64]
WARNING: [Synth 8-6014] Unused sequential element s_exponen_reg was removed.  [C:/Users/Misael/Desktop/UNB/7 SEMESTRE/PROJETO DE CIRCUITOS RECONFIGURAVEIS/Lista1/ex3_neuronioGMBII/ex3_neuronioGMBII.srcs/sources_1/imports/simauto/multiplierfsm_v2.vhd:72]
WARNING: [Synth 8-6014] Unused sequential element s_mantisa_reg was removed.  [C:/Users/Misael/Desktop/UNB/7 SEMESTRE/PROJETO DE CIRCUITOS RECONFIGURAVEIS/Lista1/ex3_neuronioGMBII/ex3_neuronioGMBII.srcs/sources_1/imports/simauto/multiplierfsm_v2.vhd:73]
WARNING: [Synth 8-6014] Unused sequential element v_add_exp_reg was removed.  [C:/Users/Misael/Desktop/UNB/7 SEMESTRE/PROJETO DE CIRCUITOS RECONFIGURAVEIS/Lista1/ex3_neuronioGMBII/ex3_neuronioGMBII.srcs/sources_1/imports/simauto/multiplierfsm_v2.vhd:74]
INFO: [Synth 8-256] done synthesizing module 'multiplierfsm_v2' (1#1) [C:/Users/Misael/Desktop/UNB/7 SEMESTRE/PROJETO DE CIRCUITOS RECONFIGURAVEIS/Lista1/ex3_neuronioGMBII/ex3_neuronioGMBII.srcs/sources_1/imports/simauto/multiplierfsm_v2.vhd:36]
INFO: [Synth 8-3491] module 'multiplierfsm_v2' declared at 'C:/Users/Misael/Desktop/UNB/7 SEMESTRE/PROJETO DE CIRCUITOS RECONFIGURAVEIS/Lista1/ex3_neuronioGMBII/ex3_neuronioGMBII.srcs/sources_1/imports/simauto/multiplierfsm_v2.vhd:26' bound to instance 'mul_1' of component 'multiplierfsm_v2' [C:/Users/Misael/Desktop/UNB/7 SEMESTRE/PROJETO DE CIRCUITOS RECONFIGURAVEIS/Lista1/ex3_neuronioGMBII/ex3_neuronioGMBII.srcs/sources_1/imports/simauto/neuronio.vhd:72]
INFO: [Synth 8-3491] module 'multiplierfsm_v2' declared at 'C:/Users/Misael/Desktop/UNB/7 SEMESTRE/PROJETO DE CIRCUITOS RECONFIGURAVEIS/Lista1/ex3_neuronioGMBII/ex3_neuronioGMBII.srcs/sources_1/imports/simauto/multiplierfsm_v2.vhd:26' bound to instance 'mul_2' of component 'multiplierfsm_v2' [C:/Users/Misael/Desktop/UNB/7 SEMESTRE/PROJETO DE CIRCUITOS RECONFIGURAVEIS/Lista1/ex3_neuronioGMBII/ex3_neuronioGMBII.srcs/sources_1/imports/simauto/neuronio.vhd:82]
INFO: [Synth 8-3491] module 'addsubfsm_v6' declared at 'C:/Users/Misael/Desktop/UNB/7 SEMESTRE/PROJETO DE CIRCUITOS RECONFIGURAVEIS/Lista1/ex3_neuronioGMBII/ex3_neuronioGMBII.srcs/sources_1/imports/simauto/addsubfsm_v6.vhd:17' bound to instance 'add0' of component 'addsubfsm_v6' [C:/Users/Misael/Desktop/UNB/7 SEMESTRE/PROJETO DE CIRCUITOS RECONFIGURAVEIS/Lista1/ex3_neuronioGMBII/ex3_neuronioGMBII.srcs/sources_1/imports/simauto/neuronio.vhd:92]
INFO: [Synth 8-638] synthesizing module 'addsubfsm_v6' [C:/Users/Misael/Desktop/UNB/7 SEMESTRE/PROJETO DE CIRCUITOS RECONFIGURAVEIS/Lista1/ex3_neuronioGMBII/ex3_neuronioGMBII.srcs/sources_1/imports/simauto/addsubfsm_v6.vhd:28]
WARNING: [Synth 8-6014] Unused sequential element sl_reg was removed.  [C:/Users/Misael/Desktop/UNB/7 SEMESTRE/PROJETO DE CIRCUITOS RECONFIGURAVEIS/Lista1/ex3_neuronioGMBII/ex3_neuronioGMBII.srcs/sources_1/imports/simauto/addsubfsm_v6.vhd:118]
WARNING: [Synth 8-6014] Unused sequential element sub_exp_reg was removed.  [C:/Users/Misael/Desktop/UNB/7 SEMESTRE/PROJETO DE CIRCUITOS RECONFIGURAVEIS/Lista1/ex3_neuronioGMBII/ex3_neuronioGMBII.srcs/sources_1/imports/simauto/addsubfsm_v6.vhd:148]
WARNING: [Synth 8-6014] Unused sequential element sign_reg was removed.  [C:/Users/Misael/Desktop/UNB/7 SEMESTRE/PROJETO DE CIRCUITOS RECONFIGURAVEIS/Lista1/ex3_neuronioGMBII/ex3_neuronioGMBII.srcs/sources_1/imports/simauto/addsubfsm_v6.vhd:200]
WARNING: [Synth 8-6014] Unused sequential element s_res_exp_reg was removed.  [C:/Users/Misael/Desktop/UNB/7 SEMESTRE/PROJETO DE CIRCUITOS RECONFIGURAVEIS/Lista1/ex3_neuronioGMBII/ex3_neuronioGMBII.srcs/sources_1/imports/simauto/addsubfsm_v6.vhd:201]
WARNING: [Synth 8-6014] Unused sequential element out_man_reg was removed.  [C:/Users/Misael/Desktop/UNB/7 SEMESTRE/PROJETO DE CIRCUITOS RECONFIGURAVEIS/Lista1/ex3_neuronioGMBII/ex3_neuronioGMBII.srcs/sources_1/imports/simauto/addsubfsm_v6.vhd:202]
WARNING: [Synth 8-6014] Unused sequential element pos_reg was removed.  [C:/Users/Misael/Desktop/UNB/7 SEMESTRE/PROJETO DE CIRCUITOS RECONFIGURAVEIS/Lista1/ex3_neuronioGMBII/ex3_neuronioGMBII.srcs/sources_1/imports/simauto/addsubfsm_v6.vhd:226]
INFO: [Synth 8-256] done synthesizing module 'addsubfsm_v6' (2#1) [C:/Users/Misael/Desktop/UNB/7 SEMESTRE/PROJETO DE CIRCUITOS RECONFIGURAVEIS/Lista1/ex3_neuronioGMBII/ex3_neuronioGMBII.srcs/sources_1/imports/simauto/addsubfsm_v6.vhd:28]
INFO: [Synth 8-3491] module 'addsubfsm_v6' declared at 'C:/Users/Misael/Desktop/UNB/7 SEMESTRE/PROJETO DE CIRCUITOS RECONFIGURAVEIS/Lista1/ex3_neuronioGMBII/ex3_neuronioGMBII.srcs/sources_1/imports/simauto/addsubfsm_v6.vhd:17' bound to instance 'add1' of component 'addsubfsm_v6' [C:/Users/Misael/Desktop/UNB/7 SEMESTRE/PROJETO DE CIRCUITOS RECONFIGURAVEIS/Lista1/ex3_neuronioGMBII/ex3_neuronioGMBII.srcs/sources_1/imports/simauto/neuronio.vhd:103]
INFO: [Synth 8-256] done synthesizing module 'neuronio' (3#1) [C:/Users/Misael/Desktop/UNB/7 SEMESTRE/PROJETO DE CIRCUITOS RECONFIGURAVEIS/Lista1/ex3_neuronioGMBII/ex3_neuronioGMBII.srcs/sources_1/imports/simauto/neuronio.vhd:38]
INFO: [Synth 8-256] done synthesizing module 'ex3_neuronioGMBII' (4#1) [C:/Users/Misael/Desktop/UNB/7 SEMESTRE/PROJETO DE CIRCUITOS RECONFIGURAVEIS/Lista1/ex3_neuronioGMBII/ex3_neuronioGMBII.srcs/sources_1/new/ex3_neuronioGMBII.vhd:47]
---------------------------------------------------------------------------------
Finished RTL Elaboration : Time (s): cpu = 00:00:07 ; elapsed = 00:00:13 . Memory (MB): peak = 1092.156 ; gain = 68.414
---------------------------------------------------------------------------------

Report Check Netlist: 
+------+------------------+-------+---------+-------+------------------+
|      |Item              |Errors |Warnings |Status |Description       |
+------+------------------+-------+---------+-------+------------------+
|1     |multi_driven_nets |      0|        0|Passed |Multi driven nets |
+------+------------------+-------+---------+-------+------------------+
---------------------------------------------------------------------------------
Finished RTL Optimization Phase 1 : Time (s): cpu = 00:00:07 ; elapsed = 00:00:13 . Memory (MB): peak = 1092.156 ; gain = 68.414
---------------------------------------------------------------------------------
INFO: [Device 21-403] Loading part xc7a35tcpg236-1
INFO: [Project 1-570] Preparing netlist for logic optimization

Processing XDC Constraints
Initializing timing engine
Parsing XDC File [C:/Users/Misael/Desktop/UNB/7 SEMESTRE/PROJETO DE CIRCUITOS RECONFIGURAVEIS/Lista1/ex3_neuronioGMBII/ex3_neuronioGMBII.srcs/constrs_1/imports/ping_pong/basys3.xdc]
Finished Parsing XDC File [C:/Users/Misael/Desktop/UNB/7 SEMESTRE/PROJETO DE CIRCUITOS RECONFIGURAVEIS/Lista1/ex3_neuronioGMBII/ex3_neuronioGMBII.srcs/constrs_1/imports/ping_pong/basys3.xdc]
Completed Processing XDC Constraints

INFO: [Opt 31-138] Pushed 0 inverter(s) to 0 load pin(s).
INFO: [Project 1-111] Unisim Transformation Summary:
No Unisim elements were transformed.

RTL Elaboration Complete:  : Time (s): cpu = 00:00:30 ; elapsed = 00:00:40 . Memory (MB): peak = 1398.844 ; gain = 375.102
18 Infos, 11 Warnings, 0 Critical Warnings and 0 Errors encountered.
synth_design completed successfully
synth_design: Time (s): cpu = 00:00:30 ; elapsed = 00:00:42 . Memory (MB): peak = 1398.844 ; gain = 375.102
close_design
close_hw
synth_design -rtl -name rtl_1
Command: synth_design -rtl -name rtl_1
Starting synth_design
Using part: xc7a35tcpg236-1
Top: ex3_neuronioGMBII
---------------------------------------------------------------------------------
Starting RTL Elaboration : Time (s): cpu = 00:00:06 ; elapsed = 00:00:06 . Memory (MB): peak = 1402.367 ; gain = 0.000
---------------------------------------------------------------------------------
INFO: [Synth 8-638] synthesizing module 'ex3_neuronioGMBII' [C:/Users/Misael/Desktop/UNB/7 SEMESTRE/PROJETO DE CIRCUITOS RECONFIGURAVEIS/Lista1/ex3_neuronioGMBII/ex3_neuronioGMBII.srcs/sources_1/new/ex3_neuronioGMBII.vhd:47]
INFO: [Synth 8-3491] module 'neuronio' declared at 'C:/Users/Misael/Desktop/UNB/7 SEMESTRE/PROJETO DE CIRCUITOS RECONFIGURAVEIS/Lista1/ex3_neuronioGMBII/ex3_neuronioGMBII.srcs/sources_1/imports/simauto/neuronio.vhd:29' bound to instance 'my_neuro' of component 'neuronio' [C:/Users/Misael/Desktop/UNB/7 SEMESTRE/PROJETO DE CIRCUITOS RECONFIGURAVEIS/Lista1/ex3_neuronioGMBII/ex3_neuronioGMBII.srcs/sources_1/new/ex3_neuronioGMBII.vhd:66]
INFO: [Synth 8-638] synthesizing module 'neuronio' [C:/Users/Misael/Desktop/UNB/7 SEMESTRE/PROJETO DE CIRCUITOS RECONFIGURAVEIS/Lista1/ex3_neuronioGMBII/ex3_neuronioGMBII.srcs/sources_1/imports/simauto/neuronio.vhd:38]
INFO: [Synth 8-3491] module 'multiplierfsm_v2' declared at 'C:/Users/Misael/Desktop/UNB/7 SEMESTRE/PROJETO DE CIRCUITOS RECONFIGURAVEIS/Lista1/ex3_neuronioGMBII/ex3_neuronioGMBII.srcs/sources_1/imports/simauto/multiplierfsm_v2.vhd:26' bound to instance 'mul_0' of component 'multiplierfsm_v2' [C:/Users/Misael/Desktop/UNB/7 SEMESTRE/PROJETO DE CIRCUITOS RECONFIGURAVEIS/Lista1/ex3_neuronioGMBII/ex3_neuronioGMBII.srcs/sources_1/imports/simauto/neuronio.vhd:62]
INFO: [Synth 8-638] synthesizing module 'multiplierfsm_v2' [C:/Users/Misael/Desktop/UNB/7 SEMESTRE/PROJETO DE CIRCUITOS RECONFIGURAVEIS/Lista1/ex3_neuronioGMBII/ex3_neuronioGMBII.srcs/sources_1/imports/simauto/multiplierfsm_v2.vhd:36]
WARNING: [Synth 8-614] signal 's_mul_man' is read in the process but is not in the sensitivity list [C:/Users/Misael/Desktop/UNB/7 SEMESTRE/PROJETO DE CIRCUITOS RECONFIGURAVEIS/Lista1/ex3_neuronioGMBII/ex3_neuronioGMBII.srcs/sources_1/imports/simauto/multiplierfsm_v2.vhd:64]
WARNING: [Synth 8-614] signal 's_add_exp' is read in the process but is not in the sensitivity list [C:/Users/Misael/Desktop/UNB/7 SEMESTRE/PROJETO DE CIRCUITOS RECONFIGURAVEIS/Lista1/ex3_neuronioGMBII/ex3_neuronioGMBII.srcs/sources_1/imports/simauto/multiplierfsm_v2.vhd:64]
WARNING: [Synth 8-6014] Unused sequential element s_exponen_reg was removed.  [C:/Users/Misael/Desktop/UNB/7 SEMESTRE/PROJETO DE CIRCUITOS RECONFIGURAVEIS/Lista1/ex3_neuronioGMBII/ex3_neuronioGMBII.srcs/sources_1/imports/simauto/multiplierfsm_v2.vhd:72]
WARNING: [Synth 8-6014] Unused sequential element s_mantisa_reg was removed.  [C:/Users/Misael/Desktop/UNB/7 SEMESTRE/PROJETO DE CIRCUITOS RECONFIGURAVEIS/Lista1/ex3_neuronioGMBII/ex3_neuronioGMBII.srcs/sources_1/imports/simauto/multiplierfsm_v2.vhd:73]
WARNING: [Synth 8-6014] Unused sequential element v_add_exp_reg was removed.  [C:/Users/Misael/Desktop/UNB/7 SEMESTRE/PROJETO DE CIRCUITOS RECONFIGURAVEIS/Lista1/ex3_neuronioGMBII/ex3_neuronioGMBII.srcs/sources_1/imports/simauto/multiplierfsm_v2.vhd:74]
INFO: [Synth 8-256] done synthesizing module 'multiplierfsm_v2' (1#1) [C:/Users/Misael/Desktop/UNB/7 SEMESTRE/PROJETO DE CIRCUITOS RECONFIGURAVEIS/Lista1/ex3_neuronioGMBII/ex3_neuronioGMBII.srcs/sources_1/imports/simauto/multiplierfsm_v2.vhd:36]
INFO: [Synth 8-3491] module 'multiplierfsm_v2' declared at 'C:/Users/Misael/Desktop/UNB/7 SEMESTRE/PROJETO DE CIRCUITOS RECONFIGURAVEIS/Lista1/ex3_neuronioGMBII/ex3_neuronioGMBII.srcs/sources_1/imports/simauto/multiplierfsm_v2.vhd:26' bound to instance 'mul_1' of component 'multiplierfsm_v2' [C:/Users/Misael/Desktop/UNB/7 SEMESTRE/PROJETO DE CIRCUITOS RECONFIGURAVEIS/Lista1/ex3_neuronioGMBII/ex3_neuronioGMBII.srcs/sources_1/imports/simauto/neuronio.vhd:72]
INFO: [Synth 8-3491] module 'multiplierfsm_v2' declared at 'C:/Users/Misael/Desktop/UNB/7 SEMESTRE/PROJETO DE CIRCUITOS RECONFIGURAVEIS/Lista1/ex3_neuronioGMBII/ex3_neuronioGMBII.srcs/sources_1/imports/simauto/multiplierfsm_v2.vhd:26' bound to instance 'mul_2' of component 'multiplierfsm_v2' [C:/Users/Misael/Desktop/UNB/7 SEMESTRE/PROJETO DE CIRCUITOS RECONFIGURAVEIS/Lista1/ex3_neuronioGMBII/ex3_neuronioGMBII.srcs/sources_1/imports/simauto/neuronio.vhd:82]
INFO: [Synth 8-3491] module 'addsubfsm_v6' declared at 'C:/Users/Misael/Desktop/UNB/7 SEMESTRE/PROJETO DE CIRCUITOS RECONFIGURAVEIS/Lista1/ex3_neuronioGMBII/ex3_neuronioGMBII.srcs/sources_1/imports/simauto/addsubfsm_v6.vhd:17' bound to instance 'add0' of component 'addsubfsm_v6' [C:/Users/Misael/Desktop/UNB/7 SEMESTRE/PROJETO DE CIRCUITOS RECONFIGURAVEIS/Lista1/ex3_neuronioGMBII/ex3_neuronioGMBII.srcs/sources_1/imports/simauto/neuronio.vhd:92]
INFO: [Synth 8-638] synthesizing module 'addsubfsm_v6' [C:/Users/Misael/Desktop/UNB/7 SEMESTRE/PROJETO DE CIRCUITOS RECONFIGURAVEIS/Lista1/ex3_neuronioGMBII/ex3_neuronioGMBII.srcs/sources_1/imports/simauto/addsubfsm_v6.vhd:28]
WARNING: [Synth 8-6014] Unused sequential element sl_reg was removed.  [C:/Users/Misael/Desktop/UNB/7 SEMESTRE/PROJETO DE CIRCUITOS RECONFIGURAVEIS/Lista1/ex3_neuronioGMBII/ex3_neuronioGMBII.srcs/sources_1/imports/simauto/addsubfsm_v6.vhd:118]
WARNING: [Synth 8-6014] Unused sequential element sub_exp_reg was removed.  [C:/Users/Misael/Desktop/UNB/7 SEMESTRE/PROJETO DE CIRCUITOS RECONFIGURAVEIS/Lista1/ex3_neuronioGMBII/ex3_neuronioGMBII.srcs/sources_1/imports/simauto/addsubfsm_v6.vhd:148]
WARNING: [Synth 8-6014] Unused sequential element sign_reg was removed.  [C:/Users/Misael/Desktop/UNB/7 SEMESTRE/PROJETO DE CIRCUITOS RECONFIGURAVEIS/Lista1/ex3_neuronioGMBII/ex3_neuronioGMBII.srcs/sources_1/imports/simauto/addsubfsm_v6.vhd:200]
WARNING: [Synth 8-6014] Unused sequential element s_res_exp_reg was removed.  [C:/Users/Misael/Desktop/UNB/7 SEMESTRE/PROJETO DE CIRCUITOS RECONFIGURAVEIS/Lista1/ex3_neuronioGMBII/ex3_neuronioGMBII.srcs/sources_1/imports/simauto/addsubfsm_v6.vhd:201]
WARNING: [Synth 8-6014] Unused sequential element out_man_reg was removed.  [C:/Users/Misael/Desktop/UNB/7 SEMESTRE/PROJETO DE CIRCUITOS RECONFIGURAVEIS/Lista1/ex3_neuronioGMBII/ex3_neuronioGMBII.srcs/sources_1/imports/simauto/addsubfsm_v6.vhd:202]
WARNING: [Synth 8-6014] Unused sequential element pos_reg was removed.  [C:/Users/Misael/Desktop/UNB/7 SEMESTRE/PROJETO DE CIRCUITOS RECONFIGURAVEIS/Lista1/ex3_neuronioGMBII/ex3_neuronioGMBII.srcs/sources_1/imports/simauto/addsubfsm_v6.vhd:226]
INFO: [Synth 8-256] done synthesizing module 'addsubfsm_v6' (2#1) [C:/Users/Misael/Desktop/UNB/7 SEMESTRE/PROJETO DE CIRCUITOS RECONFIGURAVEIS/Lista1/ex3_neuronioGMBII/ex3_neuronioGMBII.srcs/sources_1/imports/simauto/addsubfsm_v6.vhd:28]
INFO: [Synth 8-3491] module 'addsubfsm_v6' declared at 'C:/Users/Misael/Desktop/UNB/7 SEMESTRE/PROJETO DE CIRCUITOS RECONFIGURAVEIS/Lista1/ex3_neuronioGMBII/ex3_neuronioGMBII.srcs/sources_1/imports/simauto/addsubfsm_v6.vhd:17' bound to instance 'add1' of component 'addsubfsm_v6' [C:/Users/Misael/Desktop/UNB/7 SEMESTRE/PROJETO DE CIRCUITOS RECONFIGURAVEIS/Lista1/ex3_neuronioGMBII/ex3_neuronioGMBII.srcs/sources_1/imports/simauto/neuronio.vhd:103]
INFO: [Synth 8-256] done synthesizing module 'neuronio' (3#1) [C:/Users/Misael/Desktop/UNB/7 SEMESTRE/PROJETO DE CIRCUITOS RECONFIGURAVEIS/Lista1/ex3_neuronioGMBII/ex3_neuronioGMBII.srcs/sources_1/imports/simauto/neuronio.vhd:38]
INFO: [Synth 8-256] done synthesizing module 'ex3_neuronioGMBII' (4#1) [C:/Users/Misael/Desktop/UNB/7 SEMESTRE/PROJETO DE CIRCUITOS RECONFIGURAVEIS/Lista1/ex3_neuronioGMBII/ex3_neuronioGMBII.srcs/sources_1/new/ex3_neuronioGMBII.vhd:47]
---------------------------------------------------------------------------------
Finished RTL Elaboration : Time (s): cpu = 00:00:08 ; elapsed = 00:00:08 . Memory (MB): peak = 1402.367 ; gain = 0.000
---------------------------------------------------------------------------------

Report Check Netlist: 
+------+------------------+-------+---------+-------+------------------+
|      |Item              |Errors |Warnings |Status |Description       |
+------+------------------+-------+---------+-------+------------------+
|1     |multi_driven_nets |      0|        0|Passed |Multi driven nets |
+------+------------------+-------+---------+-------+------------------+
---------------------------------------------------------------------------------
Finished RTL Optimization Phase 1 : Time (s): cpu = 00:00:08 ; elapsed = 00:00:08 . Memory (MB): peak = 1402.367 ; gain = 0.000
---------------------------------------------------------------------------------
INFO: [Project 1-570] Preparing netlist for logic optimization

Processing XDC Constraints
Initializing timing engine
Parsing XDC File [C:/Users/Misael/Desktop/UNB/7 SEMESTRE/PROJETO DE CIRCUITOS RECONFIGURAVEIS/Lista1/ex3_neuronioGMBII/ex3_neuronioGMBII.srcs/constrs_1/imports/ping_pong/basys3.xdc]
Finished Parsing XDC File [C:/Users/Misael/Desktop/UNB/7 SEMESTRE/PROJETO DE CIRCUITOS RECONFIGURAVEIS/Lista1/ex3_neuronioGMBII/ex3_neuronioGMBII.srcs/constrs_1/imports/ping_pong/basys3.xdc]
Completed Processing XDC Constraints

INFO: [Opt 31-138] Pushed 0 inverter(s) to 0 load pin(s).
INFO: [Project 1-111] Unisim Transformation Summary:
No Unisim elements were transformed.

RTL Elaboration Complete:  : Time (s): cpu = 00:00:20 ; elapsed = 00:00:16 . Memory (MB): peak = 1423.090 ; gain = 20.723
17 Infos, 11 Warnings, 0 Critical Warnings and 0 Errors encountered.
synth_design completed successfully
synth_design: Time (s): cpu = 00:00:20 ; elapsed = 00:00:16 . Memory (MB): peak = 1423.090 ; gain = 20.723
reset_run synth_1
launch_runs synth_1 -jobs 4
[Tue May 14 23:06:46 2019] Launched synth_1...
Run output will be captured here: C:/Users/Misael/Desktop/UNB/7 SEMESTRE/PROJETO DE CIRCUITOS RECONFIGURAVEIS/Lista1/ex3_neuronioGMBII/ex3_neuronioGMBII.runs/synth_1/runme.log
refresh_design
---------------------------------------------------------------------------------
Starting RTL Elaboration : Time (s): cpu = 00:00:06 ; elapsed = 00:00:06 . Memory (MB): peak = 1423.090 ; gain = 0.000
---------------------------------------------------------------------------------
INFO: [Synth 8-638] synthesizing module 'ex3_neuronioGMBII' [C:/Users/Misael/Desktop/UNB/7 SEMESTRE/PROJETO DE CIRCUITOS RECONFIGURAVEIS/Lista1/ex3_neuronioGMBII/ex3_neuronioGMBII.srcs/sources_1/new/ex3_neuronioGMBII.vhd:47]
INFO: [Synth 8-3491] module 'neuronio' declared at 'C:/Users/Misael/Desktop/UNB/7 SEMESTRE/PROJETO DE CIRCUITOS RECONFIGURAVEIS/Lista1/ex3_neuronioGMBII/ex3_neuronioGMBII.srcs/sources_1/imports/simauto/neuronio.vhd:29' bound to instance 'my_neuro' of component 'neuronio' [C:/Users/Misael/Desktop/UNB/7 SEMESTRE/PROJETO DE CIRCUITOS RECONFIGURAVEIS/Lista1/ex3_neuronioGMBII/ex3_neuronioGMBII.srcs/sources_1/new/ex3_neuronioGMBII.vhd:66]
INFO: [Synth 8-638] synthesizing module 'neuronio' [C:/Users/Misael/Desktop/UNB/7 SEMESTRE/PROJETO DE CIRCUITOS RECONFIGURAVEIS/Lista1/ex3_neuronioGMBII/ex3_neuronioGMBII.srcs/sources_1/imports/simauto/neuronio.vhd:38]
INFO: [Synth 8-3491] module 'multiplierfsm_v2' declared at 'C:/Users/Misael/Desktop/UNB/7 SEMESTRE/PROJETO DE CIRCUITOS RECONFIGURAVEIS/Lista1/ex3_neuronioGMBII/ex3_neuronioGMBII.srcs/sources_1/imports/simauto/multiplierfsm_v2.vhd:26' bound to instance 'mul_0' of component 'multiplierfsm_v2' [C:/Users/Misael/Desktop/UNB/7 SEMESTRE/PROJETO DE CIRCUITOS RECONFIGURAVEIS/Lista1/ex3_neuronioGMBII/ex3_neuronioGMBII.srcs/sources_1/imports/simauto/neuronio.vhd:62]
INFO: [Synth 8-638] synthesizing module 'multiplierfsm_v2' [C:/Users/Misael/Desktop/UNB/7 SEMESTRE/PROJETO DE CIRCUITOS RECONFIGURAVEIS/Lista1/ex3_neuronioGMBII/ex3_neuronioGMBII.srcs/sources_1/imports/simauto/multiplierfsm_v2.vhd:36]
WARNING: [Synth 8-614] signal 's_mul_man' is read in the process but is not in the sensitivity list [C:/Users/Misael/Desktop/UNB/7 SEMESTRE/PROJETO DE CIRCUITOS RECONFIGURAVEIS/Lista1/ex3_neuronioGMBII/ex3_neuronioGMBII.srcs/sources_1/imports/simauto/multiplierfsm_v2.vhd:64]
WARNING: [Synth 8-614] signal 's_add_exp' is read in the process but is not in the sensitivity list [C:/Users/Misael/Desktop/UNB/7 SEMESTRE/PROJETO DE CIRCUITOS RECONFIGURAVEIS/Lista1/ex3_neuronioGMBII/ex3_neuronioGMBII.srcs/sources_1/imports/simauto/multiplierfsm_v2.vhd:64]
WARNING: [Synth 8-6014] Unused sequential element s_exponen_reg was removed.  [C:/Users/Misael/Desktop/UNB/7 SEMESTRE/PROJETO DE CIRCUITOS RECONFIGURAVEIS/Lista1/ex3_neuronioGMBII/ex3_neuronioGMBII.srcs/sources_1/imports/simauto/multiplierfsm_v2.vhd:72]
WARNING: [Synth 8-6014] Unused sequential element s_mantisa_reg was removed.  [C:/Users/Misael/Desktop/UNB/7 SEMESTRE/PROJETO DE CIRCUITOS RECONFIGURAVEIS/Lista1/ex3_neuronioGMBII/ex3_neuronioGMBII.srcs/sources_1/imports/simauto/multiplierfsm_v2.vhd:73]
WARNING: [Synth 8-6014] Unused sequential element v_add_exp_reg was removed.  [C:/Users/Misael/Desktop/UNB/7 SEMESTRE/PROJETO DE CIRCUITOS RECONFIGURAVEIS/Lista1/ex3_neuronioGMBII/ex3_neuronioGMBII.srcs/sources_1/imports/simauto/multiplierfsm_v2.vhd:74]
INFO: [Synth 8-256] done synthesizing module 'multiplierfsm_v2' (1#1) [C:/Users/Misael/Desktop/UNB/7 SEMESTRE/PROJETO DE CIRCUITOS RECONFIGURAVEIS/Lista1/ex3_neuronioGMBII/ex3_neuronioGMBII.srcs/sources_1/imports/simauto/multiplierfsm_v2.vhd:36]
INFO: [Synth 8-3491] module 'multiplierfsm_v2' declared at 'C:/Users/Misael/Desktop/UNB/7 SEMESTRE/PROJETO DE CIRCUITOS RECONFIGURAVEIS/Lista1/ex3_neuronioGMBII/ex3_neuronioGMBII.srcs/sources_1/imports/simauto/multiplierfsm_v2.vhd:26' bound to instance 'mul_1' of component 'multiplierfsm_v2' [C:/Users/Misael/Desktop/UNB/7 SEMESTRE/PROJETO DE CIRCUITOS RECONFIGURAVEIS/Lista1/ex3_neuronioGMBII/ex3_neuronioGMBII.srcs/sources_1/imports/simauto/neuronio.vhd:72]
INFO: [Synth 8-3491] module 'multiplierfsm_v2' declared at 'C:/Users/Misael/Desktop/UNB/7 SEMESTRE/PROJETO DE CIRCUITOS RECONFIGURAVEIS/Lista1/ex3_neuronioGMBII/ex3_neuronioGMBII.srcs/sources_1/imports/simauto/multiplierfsm_v2.vhd:26' bound to instance 'mul_2' of component 'multiplierfsm_v2' [C:/Users/Misael/Desktop/UNB/7 SEMESTRE/PROJETO DE CIRCUITOS RECONFIGURAVEIS/Lista1/ex3_neuronioGMBII/ex3_neuronioGMBII.srcs/sources_1/imports/simauto/neuronio.vhd:82]
INFO: [Synth 8-3491] module 'addsubfsm_v6' declared at 'C:/Users/Misael/Desktop/UNB/7 SEMESTRE/PROJETO DE CIRCUITOS RECONFIGURAVEIS/Lista1/ex3_neuronioGMBII/ex3_neuronioGMBII.srcs/sources_1/imports/simauto/addsubfsm_v6.vhd:17' bound to instance 'add0' of component 'addsubfsm_v6' [C:/Users/Misael/Desktop/UNB/7 SEMESTRE/PROJETO DE CIRCUITOS RECONFIGURAVEIS/Lista1/ex3_neuronioGMBII/ex3_neuronioGMBII.srcs/sources_1/imports/simauto/neuronio.vhd:92]
INFO: [Synth 8-638] synthesizing module 'addsubfsm_v6' [C:/Users/Misael/Desktop/UNB/7 SEMESTRE/PROJETO DE CIRCUITOS RECONFIGURAVEIS/Lista1/ex3_neuronioGMBII/ex3_neuronioGMBII.srcs/sources_1/imports/simauto/addsubfsm_v6.vhd:28]
WARNING: [Synth 8-6014] Unused sequential element sl_reg was removed.  [C:/Users/Misael/Desktop/UNB/7 SEMESTRE/PROJETO DE CIRCUITOS RECONFIGURAVEIS/Lista1/ex3_neuronioGMBII/ex3_neuronioGMBII.srcs/sources_1/imports/simauto/addsubfsm_v6.vhd:118]
WARNING: [Synth 8-6014] Unused sequential element sub_exp_reg was removed.  [C:/Users/Misael/Desktop/UNB/7 SEMESTRE/PROJETO DE CIRCUITOS RECONFIGURAVEIS/Lista1/ex3_neuronioGMBII/ex3_neuronioGMBII.srcs/sources_1/imports/simauto/addsubfsm_v6.vhd:148]
WARNING: [Synth 8-6014] Unused sequential element sign_reg was removed.  [C:/Users/Misael/Desktop/UNB/7 SEMESTRE/PROJETO DE CIRCUITOS RECONFIGURAVEIS/Lista1/ex3_neuronioGMBII/ex3_neuronioGMBII.srcs/sources_1/imports/simauto/addsubfsm_v6.vhd:200]
WARNING: [Synth 8-6014] Unused sequential element s_res_exp_reg was removed.  [C:/Users/Misael/Desktop/UNB/7 SEMESTRE/PROJETO DE CIRCUITOS RECONFIGURAVEIS/Lista1/ex3_neuronioGMBII/ex3_neuronioGMBII.srcs/sources_1/imports/simauto/addsubfsm_v6.vhd:201]
WARNING: [Synth 8-6014] Unused sequential element out_man_reg was removed.  [C:/Users/Misael/Desktop/UNB/7 SEMESTRE/PROJETO DE CIRCUITOS RECONFIGURAVEIS/Lista1/ex3_neuronioGMBII/ex3_neuronioGMBII.srcs/sources_1/imports/simauto/addsubfsm_v6.vhd:202]
WARNING: [Synth 8-6014] Unused sequential element pos_reg was removed.  [C:/Users/Misael/Desktop/UNB/7 SEMESTRE/PROJETO DE CIRCUITOS RECONFIGURAVEIS/Lista1/ex3_neuronioGMBII/ex3_neuronioGMBII.srcs/sources_1/imports/simauto/addsubfsm_v6.vhd:226]
INFO: [Synth 8-256] done synthesizing module 'addsubfsm_v6' (2#1) [C:/Users/Misael/Desktop/UNB/7 SEMESTRE/PROJETO DE CIRCUITOS RECONFIGURAVEIS/Lista1/ex3_neuronioGMBII/ex3_neuronioGMBII.srcs/sources_1/imports/simauto/addsubfsm_v6.vhd:28]
INFO: [Synth 8-3491] module 'addsubfsm_v6' declared at 'C:/Users/Misael/Desktop/UNB/7 SEMESTRE/PROJETO DE CIRCUITOS RECONFIGURAVEIS/Lista1/ex3_neuronioGMBII/ex3_neuronioGMBII.srcs/sources_1/imports/simauto/addsubfsm_v6.vhd:17' bound to instance 'add1' of component 'addsubfsm_v6' [C:/Users/Misael/Desktop/UNB/7 SEMESTRE/PROJETO DE CIRCUITOS RECONFIGURAVEIS/Lista1/ex3_neuronioGMBII/ex3_neuronioGMBII.srcs/sources_1/imports/simauto/neuronio.vhd:103]
INFO: [Synth 8-256] done synthesizing module 'neuronio' (3#1) [C:/Users/Misael/Desktop/UNB/7 SEMESTRE/PROJETO DE CIRCUITOS RECONFIGURAVEIS/Lista1/ex3_neuronioGMBII/ex3_neuronioGMBII.srcs/sources_1/imports/simauto/neuronio.vhd:38]
INFO: [Synth 8-256] done synthesizing module 'ex3_neuronioGMBII' (4#1) [C:/Users/Misael/Desktop/UNB/7 SEMESTRE/PROJETO DE CIRCUITOS RECONFIGURAVEIS/Lista1/ex3_neuronioGMBII/ex3_neuronioGMBII.srcs/sources_1/new/ex3_neuronioGMBII.vhd:47]
---------------------------------------------------------------------------------
Finished RTL Elaboration : Time (s): cpu = 00:00:09 ; elapsed = 00:00:08 . Memory (MB): peak = 1423.090 ; gain = 0.000
---------------------------------------------------------------------------------

Report Check Netlist: 
+------+------------------+-------+---------+-------+------------------+
|      |Item              |Errors |Warnings |Status |Description       |
+------+------------------+-------+---------+-------+------------------+
|1     |multi_driven_nets |      0|        0|Passed |Multi driven nets |
+------+------------------+-------+---------+-------+------------------+
---------------------------------------------------------------------------------
Finished RTL Optimization Phase 1 : Time (s): cpu = 00:00:10 ; elapsed = 00:00:08 . Memory (MB): peak = 1423.090 ; gain = 0.000
---------------------------------------------------------------------------------
INFO: [Project 1-570] Preparing netlist for logic optimization

Processing XDC Constraints
Initializing timing engine
Parsing XDC File [C:/Users/Misael/Desktop/UNB/7 SEMESTRE/PROJETO DE CIRCUITOS RECONFIGURAVEIS/Lista1/ex3_neuronioGMBII/ex3_neuronioGMBII.srcs/constrs_1/imports/ping_pong/basys3.xdc]
Finished Parsing XDC File [C:/Users/Misael/Desktop/UNB/7 SEMESTRE/PROJETO DE CIRCUITOS RECONFIGURAVEIS/Lista1/ex3_neuronioGMBII/ex3_neuronioGMBII.srcs/constrs_1/imports/ping_pong/basys3.xdc]
Completed Processing XDC Constraints

INFO: [Opt 31-138] Pushed 0 inverter(s) to 0 load pin(s).
refresh_design: Time (s): cpu = 00:00:23 ; elapsed = 00:00:18 . Memory (MB): peak = 1459.934 ; gain = 36.844
reset_run synth_1
launch_runs synth_1 -jobs 4
[Tue May 14 23:12:08 2019] Launched synth_1...
Run output will be captured here: C:/Users/Misael/Desktop/UNB/7 SEMESTRE/PROJETO DE CIRCUITOS RECONFIGURAVEIS/Lista1/ex3_neuronioGMBII/ex3_neuronioGMBII.runs/synth_1/runme.log
WARNING: [filemgmt 56-199] Attempt to get parsing info during refresh. "On-the-fly" syntax checking information may be incorrect. [C:/Users/Misael/Desktop/UNB/7 SEMESTRE/PROJETO DE CIRCUITOS RECONFIGURAVEIS/Lista1/ex3_neuronioGMBII/ex3_neuronioGMBII.srcs/sources_1/imports/simauto/neuronio.vhd:]
WARNING: [filemgmt 56-199] Attempt to get parsing info during refresh. "On-the-fly" syntax checking information may be incorrect. [C:/Users/Misael/Desktop/UNB/7 SEMESTRE/PROJETO DE CIRCUITOS RECONFIGURAVEIS/Lista1/ex3_neuronioGMBII/ex3_neuronioGMBII.srcs/sources_1/new/ex3_neuronioGMBII.vhd:]
WARNING: [filemgmt 56-199] Attempt to get parsing info during refresh. "On-the-fly" syntax checking information may be incorrect. [C:/Users/Misael/Desktop/UNB/7 SEMESTRE/PROJETO DE CIRCUITOS RECONFIGURAVEIS/Lista1/ex3_neuronioGMBII/ex3_neuronioGMBII.srcs/sources_1/imports/simauto/multiplierfsm_v2.vhd:]
WARNING: [filemgmt 56-199] Attempt to get parsing info during refresh. "On-the-fly" syntax checking information may be incorrect. [C:/Users/Misael/Desktop/UNB/7 SEMESTRE/PROJETO DE CIRCUITOS RECONFIGURAVEIS/Lista1/ex3_neuronioGMBII/ex3_neuronioGMBII.srcs/sources_1/imports/simauto/neuronio.vhd:]
WARNING: [filemgmt 56-199] Attempt to get parsing info during refresh. "On-the-fly" syntax checking information may be incorrect. [C:/Users/Misael/Desktop/UNB/7 SEMESTRE/PROJETO DE CIRCUITOS RECONFIGURAVEIS/Lista1/ex3_neuronioGMBII/ex3_neuronioGMBII.srcs/sources_1/new/ex3_neuronioGMBII.vhd:]
WARNING: [filemgmt 56-199] Attempt to get parsing info during refresh. "On-the-fly" syntax checking information may be incorrect. [C:/Users/Misael/Desktop/UNB/7 SEMESTRE/PROJETO DE CIRCUITOS RECONFIGURAVEIS/Lista1/ex3_neuronioGMBII/ex3_neuronioGMBII.srcs/sources_1/imports/simauto/multiplierfsm_v2.vhd:]
ERROR: [Common 17-180] Spawn failed: No error
ERROR: [filemgmt 56-285] srcscanner execution failed with return code -1.
set_property target_language VHDL [current_project]
reset_run synth_1
launch_runs synth_1 -jobs 4
[Tue May 14 23:15:10 2019] Launched synth_1...
Run output will be captured here: C:/Users/Misael/Desktop/UNB/7 SEMESTRE/PROJETO DE CIRCUITOS RECONFIGURAVEIS/Lista1/ex3_neuronioGMBII/ex3_neuronioGMBII.runs/synth_1/runme.log
exit
INFO: [Common 17-206] Exiting Vivado at Tue May 14 23:27:44 2019...
