#-----------------------------------------------------------
# Vivado v2017.2 (64-bit)
# SW Build 1909853 on Thu Jun 15 18:39:09 MDT 2017
# IP Build 1909766 on Thu Jun 15 19:58:00 MDT 2017
# Start of session at: Tue May 14 19:06:54 2019
# Process ID: 33764
# Current directory: C:/Users/Misael/Desktop/UNB/7 SEMESTRE/PROJETO DE CIRCUITOS RECONFIGURAVEIS/Lista1/ex1_ping_pong
# Command line: vivado.exe -gui_launcher_event rodinguilauncherevent32624 C:\Users\Misael\Desktop\UNB\7 SEMESTRE\PROJETO DE CIRCUITOS RECONFIGURAVEIS\Lista1\ex1_ping_pong\ex1_ping_pong.xpr
# Log file: C:/Users/Misael/Desktop/UNB/7 SEMESTRE/PROJETO DE CIRCUITOS RECONFIGURAVEIS/Lista1/ex1_ping_pong/vivado.log
# Journal file: C:/Users/Misael/Desktop/UNB/7 SEMESTRE/PROJETO DE CIRCUITOS RECONFIGURAVEIS/Lista1/ex1_ping_pong\vivado.jou
#-----------------------------------------------------------
start_gui
open_project {C:/Users/Misael/Desktop/UNB/7 SEMESTRE/PROJETO DE CIRCUITOS RECONFIGURAVEIS/Lista1/ex1_ping_pong/ex1_ping_pong.xpr}
INFO: [ProjectBase 1-489] The host OS only allows 260 characters in a normal path. The project is stored in a path with more than 80 characters. If you experience issues with IP, Block Designs, or files not being found, please consider moving the project to a location with a shorter path. Alternately consider using the OS subst command to map part of the path to a drive letter.
Current project path is 'C:/Users/Misael/Desktop/UNB/7 SEMESTRE/PROJETO DE CIRCUITOS RECONFIGURAVEIS/Lista1/ex1_ping_pong'
Scanning sources...
Finished scanning sources
INFO: [IP_Flow 19-234] Refreshing IP repositories
INFO: [IP_Flow 19-1704] No user IP repositories specified
INFO: [IP_Flow 19-2313] Loaded Vivado IP repository 'C:/Xilinx/Vivado/2017.2/data/ip'.
open_project: Time (s): cpu = 00:00:15 ; elapsed = 00:00:41 . Memory (MB): peak = 728.930 ; gain = 43.586
update_compile_order -fileset sources_1
launch_runs impl_1 -jobs 4
[Tue May 14 20:32:06 2019] Launched synth_1...
Run output will be captured here: C:/Users/Misael/Desktop/UNB/7 SEMESTRE/PROJETO DE CIRCUITOS RECONFIGURAVEIS/Lista1/ex1_ping_pong/ex1_ping_pong.runs/synth_1/runme.log
[Tue May 14 20:32:06 2019] Launched impl_1...
Run output will be captured here: C:/Users/Misael/Desktop/UNB/7 SEMESTRE/PROJETO DE CIRCUITOS RECONFIGURAVEIS/Lista1/ex1_ping_pong/ex1_ping_pong.runs/impl_1/runme.log
add_files -fileset constrs_1 -norecurse {{C:/Users/Misael/Desktop/UNB/7 SEMESTRE/PROJETO DE CIRCUITOS RECONFIGURAVEIS/Lista1/ex2_ping_pong/ex2_ping_pong.srcs/constrs_1/imports/ping_pong/basys3.xdc}}
import_files -fileset constrs_1 {{C:/Users/Misael/Desktop/UNB/7 SEMESTRE/PROJETO DE CIRCUITOS RECONFIGURAVEIS/Lista1/ex2_ping_pong/ex2_ping_pong.srcs/constrs_1/imports/ping_pong/basys3.xdc}}
reset_run synth_1
launch_runs impl_1 -jobs 4
[Tue May 14 20:40:34 2019] Launched synth_1...
Run output will be captured here: C:/Users/Misael/Desktop/UNB/7 SEMESTRE/PROJETO DE CIRCUITOS RECONFIGURAVEIS/Lista1/ex1_ping_pong/ex1_ping_pong.runs/synth_1/runme.log
[Tue May 14 20:40:34 2019] Launched impl_1...
Run output will be captured here: C:/Users/Misael/Desktop/UNB/7 SEMESTRE/PROJETO DE CIRCUITOS RECONFIGURAVEIS/Lista1/ex1_ping_pong/ex1_ping_pong.runs/impl_1/runme.log
reset_run synth_1
launch_runs impl_1 -jobs 4
[Tue May 14 20:47:30 2019] Launched synth_1...
Run output will be captured here: C:/Users/Misael/Desktop/UNB/7 SEMESTRE/PROJETO DE CIRCUITOS RECONFIGURAVEIS/Lista1/ex1_ping_pong/ex1_ping_pong.runs/synth_1/runme.log
[Tue May 14 20:47:30 2019] Launched impl_1...
Run output will be captured here: C:/Users/Misael/Desktop/UNB/7 SEMESTRE/PROJETO DE CIRCUITOS RECONFIGURAVEIS/Lista1/ex1_ping_pong/ex1_ping_pong.runs/impl_1/runme.log
reset_run synth_1
launch_runs synth_1 -jobs 4
[Tue May 14 20:55:24 2019] Launched synth_1...
Run output will be captured here: C:/Users/Misael/Desktop/UNB/7 SEMESTRE/PROJETO DE CIRCUITOS RECONFIGURAVEIS/Lista1/ex1_ping_pong/ex1_ping_pong.runs/synth_1/runme.log
launch_runs impl_1 -jobs 4
[Tue May 14 20:57:04 2019] Launched impl_1...
Run output will be captured here: C:/Users/Misael/Desktop/UNB/7 SEMESTRE/PROJETO DE CIRCUITOS RECONFIGURAVEIS/Lista1/ex1_ping_pong/ex1_ping_pong.runs/impl_1/runme.log
launch_runs impl_1 -to_step write_bitstream -jobs 4
[Tue May 14 21:00:35 2019] Launched impl_1...
Run output will be captured here: C:/Users/Misael/Desktop/UNB/7 SEMESTRE/PROJETO DE CIRCUITOS RECONFIGURAVEIS/Lista1/ex1_ping_pong/ex1_ping_pong.runs/impl_1/runme.log
open_run impl_1
INFO: [Netlist 29-17] Analyzing 14 Unisim elements for replacement
INFO: [Netlist 29-28] Unisim Transformation completed in 0 CPU seconds
INFO: [Project 1-479] Netlist was created with Vivado 2017.2
INFO: [Device 21-403] Loading part xc7a35tcpg236-1
INFO: [Project 1-570] Preparing netlist for logic optimization
Parsing XDC File [C:/Users/Misael/Desktop/UNB/7 SEMESTRE/PROJETO DE CIRCUITOS RECONFIGURAVEIS/Lista1/ex1_ping_pong/.Xil/Vivado-33764-DESKTOP-4ICLTEQ/dcp5/ping_pong_rtl.xdc]
Finished Parsing XDC File [C:/Users/Misael/Desktop/UNB/7 SEMESTRE/PROJETO DE CIRCUITOS RECONFIGURAVEIS/Lista1/ex1_ping_pong/.Xil/Vivado-33764-DESKTOP-4ICLTEQ/dcp5/ping_pong_rtl.xdc]
Reading XDEF placement.
Reading placer database...
Reading XDEF routing.
Read XDEF File: Time (s): cpu = 00:00:00 ; elapsed = 00:00:00.118 . Memory (MB): peak = 988.191 ; gain = 0.000
Restored from archive | CPU: 0.000000 secs | Memory: 0.000000 MB |
Finished XDEF File Restore: Time (s): cpu = 00:00:00 ; elapsed = 00:00:00.118 . Memory (MB): peak = 988.191 ; gain = 0.000
INFO: [Project 1-111] Unisim Transformation Summary:
No Unisim elements were transformed.

open_run: Time (s): cpu = 00:00:32 ; elapsed = 00:00:28 . Memory (MB): peak = 1085.934 ; gain = 298.641
reset_run synth_1
launch_runs impl_1 -jobs 4
[Tue May 14 21:07:13 2019] Launched synth_1...
Run output will be captured here: C:/Users/Misael/Desktop/UNB/7 SEMESTRE/PROJETO DE CIRCUITOS RECONFIGURAVEIS/Lista1/ex1_ping_pong/ex1_ping_pong.runs/synth_1/runme.log
[Tue May 14 21:07:13 2019] Launched impl_1...
Run output will be captured here: C:/Users/Misael/Desktop/UNB/7 SEMESTRE/PROJETO DE CIRCUITOS RECONFIGURAVEIS/Lista1/ex1_ping_pong/ex1_ping_pong.runs/impl_1/runme.log
launch_runs impl_1 -to_step write_bitstream -jobs 4
[Tue May 14 21:12:26 2019] Launched impl_1...
Run output will be captured here: C:/Users/Misael/Desktop/UNB/7 SEMESTRE/PROJETO DE CIRCUITOS RECONFIGURAVEIS/Lista1/ex1_ping_pong/ex1_ping_pong.runs/impl_1/runme.log
open_hw
connect_hw_server
INFO: [Labtools 27-2285] Connecting to hw_server url TCP:localhost:3121
INFO: [Labtools 27-2222] Launching hw_server...
INFO: [Labtools 27-2221] Launch Output:

****** Xilinx hw_server v2017.2
  **** Build date : Jun 15 2017-18:53:26
    ** Copyright 1986-2017 Xilinx, Inc. All Rights Reserved.


connect_hw_server: Time (s): cpu = 00:00:01 ; elapsed = 00:00:13 . Memory (MB): peak = 1622.238 ; gain = 0.000
open_hw_target
INFO: [Labtoolstcl 44-466] Opening hw_target localhost:3121/xilinx_tcf/Digilent/210183A75A6DA
set_property PROGRAM.FILE {C:/Users/Misael/Desktop/UNB/7 SEMESTRE/PROJETO DE CIRCUITOS RECONFIGURAVEIS/Lista1/ex1_ping_pong/ex1_ping_pong.runs/impl_1/ping_pong_rtl.bit} [get_hw_devices xc7a35t_0]
current_hw_device [get_hw_devices xc7a35t_0]
refresh_hw_device -update_hw_probes false [lindex [get_hw_devices xc7a35t_0] 0]
INFO: [Labtools 27-1435] Device xc7a35t (JTAG device index = 0) is not programmed (DONE status = 0).
set_property PROBES.FILE {} [get_hw_devices xc7a35t_0]
set_property FULL_PROBES.FILE {} [get_hw_devices xc7a35t_0]
set_property PROGRAM.FILE {C:/Users/Misael/Desktop/UNB/7 SEMESTRE/PROJETO DE CIRCUITOS RECONFIGURAVEIS/Lista1/ex1_ping_pong/ex1_ping_pong.runs/impl_1/ping_pong_rtl.bit} [get_hw_devices xc7a35t_0]
program_hw_devices [get_hw_devices xc7a35t_0]
INFO: [Labtools 27-3164] End of startup status: HIGH
refresh_hw_device [lindex [get_hw_devices xc7a35t_0] 0]
INFO: [Labtools 27-1434] Device xc7a35t (JTAG device index = 0) is programmed with a design that has no supported debug core(s) in it.
WARNING: [Labtools 27-3361] The debug hub core was not detected.
Resolution: 
1. Make sure the clock connected to the debug hub (dbg_hub) core is a free running clock and is active.
2. Make sure the BSCAN_SWITCH_USER_MASK device property in Vivado Hardware Manager reflects the user scan chain setting in the design and refresh the device.  To determine the user scan chain setting in the design, open the implemented design and use 'get_property C_USER_SCAN_CHAIN [get_debug_cores dbg_hub]'.
For more details on setting the scan chain property, consult the Vivado Debug and Programming User Guide (UG908).
reset_run synth_1
launch_runs impl_1 -to_step write_bitstream -jobs 4
[Tue May 14 21:26:35 2019] Launched synth_1...
Run output will be captured here: C:/Users/Misael/Desktop/UNB/7 SEMESTRE/PROJETO DE CIRCUITOS RECONFIGURAVEIS/Lista1/ex1_ping_pong/ex1_ping_pong.runs/synth_1/runme.log
[Tue May 14 21:26:35 2019] Launched impl_1...
Run output will be captured here: C:/Users/Misael/Desktop/UNB/7 SEMESTRE/PROJETO DE CIRCUITOS RECONFIGURAVEIS/Lista1/ex1_ping_pong/ex1_ping_pong.runs/impl_1/runme.log
set_property PROBES.FILE {} [get_hw_devices xc7a35t_0]
set_property FULL_PROBES.FILE {} [get_hw_devices xc7a35t_0]
set_property PROGRAM.FILE {C:/Users/Misael/Desktop/UNB/7 SEMESTRE/PROJETO DE CIRCUITOS RECONFIGURAVEIS/Lista1/ex1_ping_pong/ex1_ping_pong.runs/impl_1/ping_pong_rtl.bit} [get_hw_devices xc7a35t_0]
program_hw_devices [get_hw_devices xc7a35t_0]
INFO: [Labtools 27-3164] End of startup status: HIGH
refresh_hw_device [lindex [get_hw_devices xc7a35t_0] 0]
INFO: [Labtools 27-1434] Device xc7a35t (JTAG device index = 0) is programmed with a design that has no supported debug core(s) in it.
WARNING: [Labtools 27-3361] The debug hub core was not detected.
Resolution: 
1. Make sure the clock connected to the debug hub (dbg_hub) core is a free running clock and is active.
2. Make sure the BSCAN_SWITCH_USER_MASK device property in Vivado Hardware Manager reflects the user scan chain setting in the design and refresh the device.  To determine the user scan chain setting in the design, open the implemented design and use 'get_property C_USER_SCAN_CHAIN [get_debug_cores dbg_hub]'.
For more details on setting the scan chain property, consult the Vivado Debug and Programming User Guide (UG908).
close_hw
refresh_design
INFO: [Netlist 29-17] Analyzing 14 Unisim elements for replacement
INFO: [Netlist 29-28] Unisim Transformation completed in 0 CPU seconds
INFO: [Project 1-479] Netlist was created with Vivado 2017.2
INFO: [Project 1-570] Preparing netlist for logic optimization
Parsing XDC File [C:/Users/Misael/Desktop/UNB/7 SEMESTRE/PROJETO DE CIRCUITOS RECONFIGURAVEIS/Lista1/ex1_ping_pong/.Xil/Vivado-33764-DESKTOP-4ICLTEQ/dcp7/ping_pong_rtl.xdc]
Finished Parsing XDC File [C:/Users/Misael/Desktop/UNB/7 SEMESTRE/PROJETO DE CIRCUITOS RECONFIGURAVEIS/Lista1/ex1_ping_pong/.Xil/Vivado-33764-DESKTOP-4ICLTEQ/dcp7/ping_pong_rtl.xdc]
Reading XDEF placement.
Reading placer database...
Reading XDEF routing.
Read XDEF File: Time (s): cpu = 00:00:00 ; elapsed = 00:00:00.193 . Memory (MB): peak = 1803.355 ; gain = 0.000
Restored from archive | CPU: 0.000000 secs | Memory: 0.000000 MB |
Finished XDEF File Restore: Time (s): cpu = 00:00:00 ; elapsed = 00:00:00.193 . Memory (MB): peak = 1803.355 ; gain = 0.000
refresh_design: Time (s): cpu = 00:00:17 ; elapsed = 00:00:15 . Memory (MB): peak = 1803.355 ; gain = 0.000
open_hw
connect_hw_server
