
*** Running vivado
    with args -log top_module.vds -m64 -product Vivado -mode batch -messageDb vivado.pb -notrace -source top_module.tcl


****** Vivado v2017.2 (64-bit)
  **** SW Build 1909853 on Thu Jun 15 18:39:09 MDT 2017
  **** IP Build 1909766 on Thu Jun 15 19:58:00 MDT 2017
    ** Copyright 1986-2017 Xilinx, Inc. All Rights Reserved.

source top_module.tcl -notrace
Command: synth_design -top top_module -part xc7a35tcpg236-1
Starting synth_design
Attempting to get a license for feature 'Synthesis' and/or device 'xc7a35t-cpg236'
INFO: [Common 17-349] Got license for feature 'Synthesis' and/or device 'xc7a35t-cpg236'
INFO: Launching helper process for spawning children vivado processes
INFO: Helper process launched with PID 26920 
---------------------------------------------------------------------------------
Starting RTL Elaboration : Time (s): cpu = 00:00:06 ; elapsed = 00:00:07 . Memory (MB): peak = 316.453 ; gain = 77.695
---------------------------------------------------------------------------------
INFO: [Synth 8-638] synthesizing module 'top_module' [C:/Users/Misael/Desktop/UNB/7 SEMESTRE/PROJETO DE CIRCUITOS RECONFIGURAVEIS/Lista1/ex2_ping_pong/ex2_ping_pong.srcs/sources_1/imports/sources_1/new/top_module.vhd:21]
INFO: [Synth 8-3491] module 'display_7_segmentos' declared at 'C:/Users/Misael/Desktop/UNB/7 SEMESTRE/PROJETO DE CIRCUITOS RECONFIGURAVEIS/Lista1/ex2_ping_pong/ex2_ping_pong.srcs/sources_1/imports/sources_1/imports/new/decoder.vhd:5' bound to instance 'display_7_segmentos_i' of component 'display_7_segmentos' [C:/Users/Misael/Desktop/UNB/7 SEMESTRE/PROJETO DE CIRCUITOS RECONFIGURAVEIS/Lista1/ex2_ping_pong/ex2_ping_pong.srcs/sources_1/imports/sources_1/new/top_module.vhd:81]
INFO: [Synth 8-638] synthesizing module 'display_7_segmentos' [C:/Users/Misael/Desktop/UNB/7 SEMESTRE/PROJETO DE CIRCUITOS RECONFIGURAVEIS/Lista1/ex2_ping_pong/ex2_ping_pong.srcs/sources_1/imports/sources_1/imports/new/decoder.vhd:14]
INFO: [Synth 8-226] default block is never used [C:/Users/Misael/Desktop/UNB/7 SEMESTRE/PROJETO DE CIRCUITOS RECONFIGURAVEIS/Lista1/ex2_ping_pong/ex2_ping_pong.srcs/sources_1/imports/sources_1/imports/new/decoder.vhd:25]
INFO: [Synth 8-226] default block is never used [C:/Users/Misael/Desktop/UNB/7 SEMESTRE/PROJETO DE CIRCUITOS RECONFIGURAVEIS/Lista1/ex2_ping_pong/ex2_ping_pong.srcs/sources_1/imports/sources_1/imports/new/decoder.vhd:30]
INFO: [Synth 8-226] default block is never used [C:/Users/Misael/Desktop/UNB/7 SEMESTRE/PROJETO DE CIRCUITOS RECONFIGURAVEIS/Lista1/ex2_ping_pong/ex2_ping_pong.srcs/sources_1/imports/sources_1/imports/new/decoder.vhd:34]
INFO: [Synth 8-256] done synthesizing module 'display_7_segmentos' (1#1) [C:/Users/Misael/Desktop/UNB/7 SEMESTRE/PROJETO DE CIRCUITOS RECONFIGURAVEIS/Lista1/ex2_ping_pong/ex2_ping_pong.srcs/sources_1/imports/sources_1/imports/new/decoder.vhd:14]
	Parameter freq bound to: 5000000 - type: integer 
INFO: [Synth 8-3491] module 'clk_div' declared at 'C:/Users/Misael/Desktop/UNB/7 SEMESTRE/PROJETO DE CIRCUITOS RECONFIGURAVEIS/Lista1/ex2_ping_pong/ex2_ping_pong.srcs/sources_1/imports/sources_1/imports/new/clk_div.vhd:8' bound to instance 'clk_div10HZ' of component 'clk_div' [C:/Users/Misael/Desktop/UNB/7 SEMESTRE/PROJETO DE CIRCUITOS RECONFIGURAVEIS/Lista1/ex2_ping_pong/ex2_ping_pong.srcs/sources_1/imports/sources_1/new/top_module.vhd:91]
INFO: [Synth 8-638] synthesizing module 'clk_div' [C:/Users/Misael/Desktop/UNB/7 SEMESTRE/PROJETO DE CIRCUITOS RECONFIGURAVEIS/Lista1/ex2_ping_pong/ex2_ping_pong.srcs/sources_1/imports/sources_1/imports/new/clk_div.vhd:16]
	Parameter freq bound to: 5000000 - type: integer 
INFO: [Synth 8-256] done synthesizing module 'clk_div' (2#1) [C:/Users/Misael/Desktop/UNB/7 SEMESTRE/PROJETO DE CIRCUITOS RECONFIGURAVEIS/Lista1/ex2_ping_pong/ex2_ping_pong.srcs/sources_1/imports/sources_1/imports/new/clk_div.vhd:16]
	Parameter freq bound to: 500000 - type: integer 
INFO: [Synth 8-3491] module 'clk_div' declared at 'C:/Users/Misael/Desktop/UNB/7 SEMESTRE/PROJETO DE CIRCUITOS RECONFIGURAVEIS/Lista1/ex2_ping_pong/ex2_ping_pong.srcs/sources_1/imports/sources_1/imports/new/clk_div.vhd:8' bound to instance 'clk_div100HZ' of component 'clk_div' [C:/Users/Misael/Desktop/UNB/7 SEMESTRE/PROJETO DE CIRCUITOS RECONFIGURAVEIS/Lista1/ex2_ping_pong/ex2_ping_pong.srcs/sources_1/imports/sources_1/new/top_module.vhd:101]
INFO: [Synth 8-638] synthesizing module 'clk_div__parameterized1' [C:/Users/Misael/Desktop/UNB/7 SEMESTRE/PROJETO DE CIRCUITOS RECONFIGURAVEIS/Lista1/ex2_ping_pong/ex2_ping_pong.srcs/sources_1/imports/sources_1/imports/new/clk_div.vhd:16]
	Parameter freq bound to: 500000 - type: integer 
INFO: [Synth 8-256] done synthesizing module 'clk_div__parameterized1' (2#1) [C:/Users/Misael/Desktop/UNB/7 SEMESTRE/PROJETO DE CIRCUITOS RECONFIGURAVEIS/Lista1/ex2_ping_pong/ex2_ping_pong.srcs/sources_1/imports/sources_1/imports/new/clk_div.vhd:16]
INFO: [Synth 8-3491] module 'score_controller' declared at 'C:/Users/Misael/Desktop/UNB/7 SEMESTRE/PROJETO DE CIRCUITOS RECONFIGURAVEIS/Lista1/ex2_ping_pong/ex2_ping_pong.srcs/sources_1/imports/sources_1/new/score_controller.vhd:7' bound to instance 'score_controller_i' of component 'score_controller' [C:/Users/Misael/Desktop/UNB/7 SEMESTRE/PROJETO DE CIRCUITOS RECONFIGURAVEIS/Lista1/ex2_ping_pong/ex2_ping_pong.srcs/sources_1/imports/sources_1/new/top_module.vhd:111]
INFO: [Synth 8-638] synthesizing module 'score_controller' [C:/Users/Misael/Desktop/UNB/7 SEMESTRE/PROJETO DE CIRCUITOS RECONFIGURAVEIS/Lista1/ex2_ping_pong/ex2_ping_pong.srcs/sources_1/imports/sources_1/new/score_controller.vhd:18]
INFO: [Synth 8-256] done synthesizing module 'score_controller' (3#1) [C:/Users/Misael/Desktop/UNB/7 SEMESTRE/PROJETO DE CIRCUITOS RECONFIGURAVEIS/Lista1/ex2_ping_pong/ex2_ping_pong.srcs/sources_1/imports/sources_1/new/score_controller.vhd:18]
INFO: [Synth 8-256] done synthesizing module 'top_module' (4#1) [C:/Users/Misael/Desktop/UNB/7 SEMESTRE/PROJETO DE CIRCUITOS RECONFIGURAVEIS/Lista1/ex2_ping_pong/ex2_ping_pong.srcs/sources_1/imports/sources_1/new/top_module.vhd:21]
WARNING: [Synth 8-3331] design display_7_segmentos has unconnected port reset
---------------------------------------------------------------------------------
Finished RTL Elaboration : Time (s): cpu = 00:00:07 ; elapsed = 00:00:08 . Memory (MB): peak = 355.781 ; gain = 117.023
---------------------------------------------------------------------------------

Report Check Netlist: 
+------+------------------+-------+---------+-------+------------------+
|      |Item              |Errors |Warnings |Status |Description       |
+------+------------------+-------+---------+-------+------------------+
|1     |multi_driven_nets |      0|        0|Passed |Multi driven nets |
+------+------------------+-------+---------+-------+------------------+
---------------------------------------------------------------------------------
Finished RTL Optimization Phase 1 : Time (s): cpu = 00:00:07 ; elapsed = 00:00:08 . Memory (MB): peak = 355.781 ; gain = 117.023
---------------------------------------------------------------------------------
INFO: [Device 21-403] Loading part xc7a35tcpg236-1
INFO: [Project 1-570] Preparing netlist for logic optimization

Processing XDC Constraints
Initializing timing engine
Parsing XDC File [C:/Users/Misael/Desktop/UNB/7 SEMESTRE/PROJETO DE CIRCUITOS RECONFIGURAVEIS/Lista1/ex2_ping_pong/ex2_ping_pong.srcs/constrs_1/imports/ping_pong/basys3.xdc]
Finished Parsing XDC File [C:/Users/Misael/Desktop/UNB/7 SEMESTRE/PROJETO DE CIRCUITOS RECONFIGURAVEIS/Lista1/ex2_ping_pong/ex2_ping_pong.srcs/constrs_1/imports/ping_pong/basys3.xdc]
INFO: [Project 1-236] Implementation specific constraints were found while reading constraint file [C:/Users/Misael/Desktop/UNB/7 SEMESTRE/PROJETO DE CIRCUITOS RECONFIGURAVEIS/Lista1/ex2_ping_pong/ex2_ping_pong.srcs/constrs_1/imports/ping_pong/basys3.xdc]. These constraints will be ignored for synthesis but will be used in implementation. Impacted constraints are listed in the file [.Xil/top_module_propImpl.xdc].
Resolution: To avoid this warning, move constraints listed in [.Xil/top_module_propImpl.xdc] to another XDC file and exclude this new file from synthesis with the used_in_synthesis property (File Properties dialog in GUI) and re-run elaboration/synthesis.
Completed Processing XDC Constraints

INFO: [Project 1-111] Unisim Transformation Summary:
No Unisim elements were transformed.

Constraint Validation Runtime : Time (s): cpu = 00:00:00 ; elapsed = 00:00:00.022 . Memory (MB): peak = 655.492 ; gain = 0.000
---------------------------------------------------------------------------------
Finished Constraint Validation : Time (s): cpu = 00:00:19 ; elapsed = 00:00:23 . Memory (MB): peak = 655.492 ; gain = 416.734
---------------------------------------------------------------------------------
---------------------------------------------------------------------------------
Start Loading Part and Timing Information
---------------------------------------------------------------------------------
Loading part: xc7a35tcpg236-1
---------------------------------------------------------------------------------
Finished Loading Part and Timing Information : Time (s): cpu = 00:00:19 ; elapsed = 00:00:24 . Memory (MB): peak = 655.492 ; gain = 416.734
---------------------------------------------------------------------------------
---------------------------------------------------------------------------------
Start Applying 'set_property' XDC Constraints
---------------------------------------------------------------------------------
---------------------------------------------------------------------------------
Finished applying 'set_property' XDC Constraints : Time (s): cpu = 00:00:19 ; elapsed = 00:00:24 . Memory (MB): peak = 655.492 ; gain = 416.734
---------------------------------------------------------------------------------
INFO: [Synth 8-5545] ROM "s_clk_out" won't be mapped to RAM because address size (32) is larger than maximum supported(25)
INFO: [Synth 8-5545] ROM "count" won't be mapped to RAM because address size (32) is larger than maximum supported(25)
INFO: [Synth 8-5545] ROM "s_clk_out" won't be mapped to RAM because address size (32) is larger than maximum supported(25)
INFO: [Synth 8-5545] ROM "count" won't be mapped to RAM because address size (32) is larger than maximum supported(25)
INFO: [Synth 8-802] inferred FSM for state register 'score_state_current_reg' in module 'score_controller'
WARNING: [Synth 8-6014] Unused sequential element score_state_next_reg was removed.  [C:/Users/Misael/Desktop/UNB/7 SEMESTRE/PROJETO DE CIRCUITOS RECONFIGURAVEIS/Lista1/ex2_ping_pong/ex2_ping_pong.srcs/sources_1/imports/sources_1/new/score_controller.vhd:38]
WARNING: [Synth 8-6014] Unused sequential element score_state_current_reg was removed.  [C:/Users/Misael/Desktop/UNB/7 SEMESTRE/PROJETO DE CIRCUITOS RECONFIGURAVEIS/Lista1/ex2_ping_pong/ex2_ping_pong.srcs/sources_1/imports/sources_1/new/score_controller.vhd:43]
INFO: [Synth 8-5544] ROM "s_score2" won't be mapped to Block RAM because address size (3) smaller than threshold (5)
INFO: [Synth 8-5544] ROM "s_score1" won't be mapped to Block RAM because address size (3) smaller than threshold (5)
INFO: [Synth 8-5544] ROM "score_state_next" won't be mapped to Block RAM because address size (1) smaller than threshold (5)
INFO: [Synth 8-5544] ROM "score_state_next" won't be mapped to Block RAM because address size (1) smaller than threshold (5)
INFO: [Synth 8-5544] ROM "score_state_next" won't be mapped to Block RAM because address size (1) smaller than threshold (5)
INFO: [Synth 8-5544] ROM "score_state_next" won't be mapped to Block RAM because address size (1) smaller than threshold (5)
WARNING: [Synth 8-6014] Unused sequential element s_score1_reg was removed.  [C:/Users/Misael/Desktop/UNB/7 SEMESTRE/PROJETO DE CIRCUITOS RECONFIGURAVEIS/Lista1/ex2_ping_pong/ex2_ping_pong.srcs/sources_1/imports/sources_1/new/score_controller.vhd:39]
WARNING: [Synth 8-6014] Unused sequential element s_score2_reg was removed.  [C:/Users/Misael/Desktop/UNB/7 SEMESTRE/PROJETO DE CIRCUITOS RECONFIGURAVEIS/Lista1/ex2_ping_pong/ex2_ping_pong.srcs/sources_1/imports/sources_1/new/score_controller.vhd:40]
WARNING: [Synth 8-6014] Unused sequential element score_state_current_reg was removed.  [C:/Users/Misael/Desktop/UNB/7 SEMESTRE/PROJETO DE CIRCUITOS RECONFIGURAVEIS/Lista1/ex2_ping_pong/ex2_ping_pong.srcs/sources_1/imports/sources_1/new/score_controller.vhd:43]
WARNING: [Synth 8-6014] Unused sequential element score_state_current_reg was removed.  [C:/Users/Misael/Desktop/UNB/7 SEMESTRE/PROJETO DE CIRCUITOS RECONFIGURAVEIS/Lista1/ex2_ping_pong/ex2_ping_pong.srcs/sources_1/imports/sources_1/new/score_controller.vhd:43]
---------------------------------------------------------------------------------------------------
                   State |                     New Encoding |                Previous Encoding 
---------------------------------------------------------------------------------------------------
                  start1 |                              000 |                              100
                playing1 |                              001 |                              010
                    win1 |                              010 |                              000
                playing2 |                              011 |                              011
                    win2 |                              100 |                              001
                  start2 |                              101 |                              101
---------------------------------------------------------------------------------------------------
INFO: [Synth 8-3354] encoded FSM with state register 'score_state_current_reg' using encoding 'sequential' in module 'score_controller'
WARNING: [Synth 8-6014] Unused sequential element score_state_current_reg was removed.  [C:/Users/Misael/Desktop/UNB/7 SEMESTRE/PROJETO DE CIRCUITOS RECONFIGURAVEIS/Lista1/ex2_ping_pong/ex2_ping_pong.srcs/sources_1/imports/sources_1/new/score_controller.vhd:43]
WARNING: [Synth 8-6014] Unused sequential element score_state_next_reg was removed.  [C:/Users/Misael/Desktop/UNB/7 SEMESTRE/PROJETO DE CIRCUITOS RECONFIGURAVEIS/Lista1/ex2_ping_pong/ex2_ping_pong.srcs/sources_1/imports/sources_1/new/score_controller.vhd:38]
---------------------------------------------------------------------------------
Finished RTL Optimization Phase 2 : Time (s): cpu = 00:00:20 ; elapsed = 00:00:24 . Memory (MB): peak = 655.492 ; gain = 416.734
---------------------------------------------------------------------------------

Report RTL Partitions: 
+-+--------------+------------+----------+
| |RTL Partition |Replication |Instances |
+-+--------------+------------+----------+
+-+--------------+------------+----------+
---------------------------------------------------------------------------------
Start RTL Component Statistics 
---------------------------------------------------------------------------------
Detailed RTL Component Info : 
+---Adders : 
	   2 Input     32 Bit       Adders := 2     
	   2 Input      4 Bit       Adders := 2     
+---Registers : 
	               32 Bit    Registers := 2     
	               16 Bit    Registers := 1     
	                4 Bit    Registers := 2     
	                1 Bit    Registers := 2     
+---Muxes : 
	   2 Input     32 Bit        Muxes := 2     
	   6 Input     16 Bit        Muxes := 1     
	   2 Input      4 Bit        Muxes := 2     
	   6 Input      3 Bit        Muxes := 1     
	  11 Input      3 Bit        Muxes := 1     
	   2 Input      1 Bit        Muxes := 6     
	   3 Input      1 Bit        Muxes := 2     
	   6 Input      1 Bit        Muxes := 5     
---------------------------------------------------------------------------------
Finished RTL Component Statistics 
---------------------------------------------------------------------------------
---------------------------------------------------------------------------------
Start RTL Hierarchical Component Statistics 
---------------------------------------------------------------------------------
Hierarchical RTL Component report 
Module display_7_segmentos 
Detailed RTL Component Info : 
+---Muxes : 
	   2 Input      4 Bit        Muxes := 2     
Module clk_div 
Detailed RTL Component Info : 
+---Adders : 
	   2 Input     32 Bit       Adders := 1     
+---Registers : 
	               32 Bit    Registers := 1     
	                1 Bit    Registers := 1     
+---Muxes : 
	   2 Input     32 Bit        Muxes := 1     
	   2 Input      1 Bit        Muxes := 1     
Module clk_div__parameterized1 
Detailed RTL Component Info : 
+---Adders : 
	   2 Input     32 Bit       Adders := 1     
+---Registers : 
	               32 Bit    Registers := 1     
	                1 Bit    Registers := 1     
+---Muxes : 
	   2 Input     32 Bit        Muxes := 1     
	   2 Input      1 Bit        Muxes := 1     
Module score_controller 
Detailed RTL Component Info : 
+---Adders : 
	   2 Input      4 Bit       Adders := 2     
+---Registers : 
	               16 Bit    Registers := 1     
	                4 Bit    Registers := 2     
+---Muxes : 
	   6 Input     16 Bit        Muxes := 1     
	   6 Input      3 Bit        Muxes := 1     
	  11 Input      3 Bit        Muxes := 1     
	   3 Input      1 Bit        Muxes := 2     
	   6 Input      1 Bit        Muxes := 5     
	   2 Input      1 Bit        Muxes := 4     
---------------------------------------------------------------------------------
Finished RTL Hierarchical Component Statistics
---------------------------------------------------------------------------------
---------------------------------------------------------------------------------
Start Part Resource Summary
---------------------------------------------------------------------------------
Part Resources:
DSPs: 90 (col length:60)
BRAMs: 100 (col length: RAMB18 60 RAMB36 30)
---------------------------------------------------------------------------------
Finished Part Resource Summary
---------------------------------------------------------------------------------
---------------------------------------------------------------------------------
Start Cross Boundary and Area Optimization
---------------------------------------------------------------------------------
INFO: [Synth 8-5545] ROM "clk_div10HZ/count" won't be mapped to RAM because address size (32) is larger than maximum supported(25)
INFO: [Synth 8-5545] ROM "clk_div10HZ/s_clk_out" won't be mapped to RAM because address size (32) is larger than maximum supported(25)
INFO: [Synth 8-5545] ROM "clk_div100HZ/count" won't be mapped to RAM because address size (32) is larger than maximum supported(25)
INFO: [Synth 8-5545] ROM "clk_div100HZ/s_clk_out" won't be mapped to RAM because address size (32) is larger than maximum supported(25)
INFO: [Synth 8-5545] ROM "clk_div10HZ/count" won't be mapped to RAM because address size (32) is larger than maximum supported(25)
INFO: [Synth 8-5545] ROM "clk_div10HZ/s_clk_out" won't be mapped to RAM because address size (32) is larger than maximum supported(25)
INFO: [Synth 8-5545] ROM "clk_div100HZ/count" won't be mapped to RAM because address size (32) is larger than maximum supported(25)
INFO: [Synth 8-5545] ROM "clk_div100HZ/s_clk_out" won't be mapped to RAM because address size (32) is larger than maximum supported(25)
WARNING: [Synth 8-6014] Unused sequential element score_controller_i/s_score1_reg was removed.  [C:/Users/Misael/Desktop/UNB/7 SEMESTRE/PROJETO DE CIRCUITOS RECONFIGURAVEIS/Lista1/ex2_ping_pong/ex2_ping_pong.srcs/sources_1/imports/sources_1/new/score_controller.vhd:39]
WARNING: [Synth 8-6014] Unused sequential element score_controller_i/s_score2_reg was removed.  [C:/Users/Misael/Desktop/UNB/7 SEMESTRE/PROJETO DE CIRCUITOS RECONFIGURAVEIS/Lista1/ex2_ping_pong/ex2_ping_pong.srcs/sources_1/imports/sources_1/new/score_controller.vhd:40]
WARNING: [Synth 8-3917] design top_module has port an[2] driven by constant 1
WARNING: [Synth 8-3917] design top_module has port an[1] driven by constant 1
---------------------------------------------------------------------------------
Finished Cross Boundary and Area Optimization : Time (s): cpu = 00:00:22 ; elapsed = 00:00:27 . Memory (MB): peak = 655.492 ; gain = 416.734
---------------------------------------------------------------------------------

Report RTL Partitions: 
+-+--------------+------------+----------+
| |RTL Partition |Replication |Instances |
+-+--------------+------------+----------+
+-+--------------+------------+----------+
---------------------------------------------------------------------------------
Start Applying XDC Timing Constraints
---------------------------------------------------------------------------------
---------------------------------------------------------------------------------
Finished Applying XDC Timing Constraints : Time (s): cpu = 00:00:39 ; elapsed = 00:00:45 . Memory (MB): peak = 655.492 ; gain = 416.734
---------------------------------------------------------------------------------
---------------------------------------------------------------------------------
Start Timing Optimization
---------------------------------------------------------------------------------
---------------------------------------------------------------------------------
Finished Timing Optimization : Time (s): cpu = 00:00:39 ; elapsed = 00:00:45 . Memory (MB): peak = 655.492 ; gain = 416.734
---------------------------------------------------------------------------------

Report RTL Partitions: 
+-+--------------+------------+----------+
| |RTL Partition |Replication |Instances |
+-+--------------+------------+----------+
+-+--------------+------------+----------+
---------------------------------------------------------------------------------
Start Technology Mapping
---------------------------------------------------------------------------------
---------------------------------------------------------------------------------
Finished Technology Mapping : Time (s): cpu = 00:00:39 ; elapsed = 00:00:46 . Memory (MB): peak = 655.492 ; gain = 416.734
---------------------------------------------------------------------------------

Report RTL Partitions: 
+-+--------------+------------+----------+
| |RTL Partition |Replication |Instances |
+-+--------------+------------+----------+
+-+--------------+------------+----------+
---------------------------------------------------------------------------------
Start IO Insertion
---------------------------------------------------------------------------------
---------------------------------------------------------------------------------
Start Flattening Before IO Insertion
---------------------------------------------------------------------------------
---------------------------------------------------------------------------------
Finished Flattening Before IO Insertion
---------------------------------------------------------------------------------
---------------------------------------------------------------------------------
Start Final Netlist Cleanup
---------------------------------------------------------------------------------
---------------------------------------------------------------------------------
Finished Final Netlist Cleanup
---------------------------------------------------------------------------------
---------------------------------------------------------------------------------
Finished IO Insertion : Time (s): cpu = 00:00:40 ; elapsed = 00:00:46 . Memory (MB): peak = 655.492 ; gain = 416.734
---------------------------------------------------------------------------------

Report Check Netlist: 
+------+------------------+-------+---------+-------+------------------+
|      |Item              |Errors |Warnings |Status |Description       |
+------+------------------+-------+---------+-------+------------------+
|1     |multi_driven_nets |      0|        0|Passed |Multi driven nets |
+------+------------------+-------+---------+-------+------------------+
---------------------------------------------------------------------------------
Start Renaming Generated Instances
---------------------------------------------------------------------------------
---------------------------------------------------------------------------------
Finished Renaming Generated Instances : Time (s): cpu = 00:00:40 ; elapsed = 00:00:47 . Memory (MB): peak = 655.492 ; gain = 416.734
---------------------------------------------------------------------------------

Report RTL Partitions: 
+-+--------------+------------+----------+
| |RTL Partition |Replication |Instances |
+-+--------------+------------+----------+
+-+--------------+------------+----------+
---------------------------------------------------------------------------------
Start Rebuilding User Hierarchy
---------------------------------------------------------------------------------
---------------------------------------------------------------------------------
Finished Rebuilding User Hierarchy : Time (s): cpu = 00:00:40 ; elapsed = 00:00:47 . Memory (MB): peak = 655.492 ; gain = 416.734
---------------------------------------------------------------------------------
---------------------------------------------------------------------------------
Start Renaming Generated Ports
---------------------------------------------------------------------------------
---------------------------------------------------------------------------------
Finished Renaming Generated Ports : Time (s): cpu = 00:00:40 ; elapsed = 00:00:47 . Memory (MB): peak = 655.492 ; gain = 416.734
---------------------------------------------------------------------------------
---------------------------------------------------------------------------------
Start Handling Custom Attributes
---------------------------------------------------------------------------------
---------------------------------------------------------------------------------
Finished Handling Custom Attributes : Time (s): cpu = 00:00:40 ; elapsed = 00:00:47 . Memory (MB): peak = 655.492 ; gain = 416.734
---------------------------------------------------------------------------------
---------------------------------------------------------------------------------
Start Renaming Generated Nets
---------------------------------------------------------------------------------
---------------------------------------------------------------------------------
Finished Renaming Generated Nets : Time (s): cpu = 00:00:40 ; elapsed = 00:00:47 . Memory (MB): peak = 655.492 ; gain = 416.734
---------------------------------------------------------------------------------
---------------------------------------------------------------------------------
Start Writing Synthesis Report
---------------------------------------------------------------------------------

Report BlackBoxes: 
+-+--------------+----------+
| |BlackBox name |Instances |
+-+--------------+----------+
+-+--------------+----------+

Report Cell Usage: 
+------+-------+------+
|      |Cell   |Count |
+------+-------+------+
|1     |BUFG   |     1|
|2     |CARRY4 |    16|
|3     |LUT1   |    66|
|4     |LUT2   |     2|
|5     |LUT3   |    10|
|6     |LUT4   |    15|
|7     |LUT5   |    27|
|8     |LUT6   |    12|
|9     |FDCE   |    31|
|10    |FDPE   |     1|
|11    |FDRE   |    64|
|12    |IBUF   |     4|
|13    |OBUF   |    27|
+------+-------+------+

Report Instance Areas: 
+------+---------------------+------------------------+------+
|      |Instance             |Module                  |Cells |
+------+---------------------+------------------------+------+
|1     |top                  |                        |   276|
|2     |  clk_div100HZ       |clk_div__parameterized1 |    85|
|3     |  clk_div10HZ        |clk_div                 |    83|
|4     |  score_controller_i |score_controller        |    76|
+------+---------------------+------------------------+------+
---------------------------------------------------------------------------------
Finished Writing Synthesis Report : Time (s): cpu = 00:00:40 ; elapsed = 00:00:47 . Memory (MB): peak = 655.492 ; gain = 416.734
---------------------------------------------------------------------------------
Synthesis finished with 0 errors, 0 critical warnings and 12 warnings.
Synthesis Optimization Runtime : Time (s): cpu = 00:00:25 ; elapsed = 00:00:36 . Memory (MB): peak = 655.492 ; gain = 117.023
Synthesis Optimization Complete : Time (s): cpu = 00:00:40 ; elapsed = 00:00:47 . Memory (MB): peak = 655.492 ; gain = 416.734
INFO: [Project 1-571] Translating synthesized netlist
INFO: [Netlist 29-17] Analyzing 20 Unisim elements for replacement
INFO: [Netlist 29-28] Unisim Transformation completed in 0 CPU seconds
INFO: [Project 1-570] Preparing netlist for logic optimization
INFO: [Opt 31-138] Pushed 0 inverter(s) to 0 load pin(s).
INFO: [Project 1-111] Unisim Transformation Summary:
No Unisim elements were transformed.

48 Infos, 13 Warnings, 0 Critical Warnings and 0 Errors encountered.
synth_design completed successfully
synth_design: Time (s): cpu = 00:00:42 ; elapsed = 00:00:53 . Memory (MB): peak = 655.492 ; gain = 424.500
INFO: [Common 17-1381] The checkpoint 'C:/Users/Misael/Desktop/UNB/7 SEMESTRE/PROJETO DE CIRCUITOS RECONFIGURAVEIS/Lista1/ex2_ping_pong/ex2_ping_pong.runs/synth_1/top_module.dcp' has been generated.
report_utilization: Time (s): cpu = 00:00:00 ; elapsed = 00:00:00.647 . Memory (MB): peak = 655.492 ; gain = 0.000
INFO: [Common 17-206] Exiting Vivado at Mon May  6 21:09:50 2019...
