
*** Running vivado
    with args -log ex3_neuronioGMBII.vds -m64 -product Vivado -mode batch -messageDb vivado.pb -notrace -source ex3_neuronioGMBII.tcl


****** Vivado v2017.2 (64-bit)
  **** SW Build 1909853 on Thu Jun 15 18:39:09 MDT 2017
  **** IP Build 1909766 on Thu Jun 15 19:58:00 MDT 2017
    ** Copyright 1986-2017 Xilinx, Inc. All Rights Reserved.

source ex3_neuronioGMBII.tcl -notrace
Command: synth_design -top ex3_neuronioGMBII -part xc7a35tcpg236-1
Starting synth_design
Attempting to get a license for feature 'Synthesis' and/or device 'xc7a35t-cpg236'
INFO: [Common 17-349] Got license for feature 'Synthesis' and/or device 'xc7a35t-cpg236'
INFO: Launching helper process for spawning children vivado processes
INFO: Helper process launched with PID 23808 
---------------------------------------------------------------------------------
Starting RTL Elaboration : Time (s): cpu = 00:00:07 ; elapsed = 00:00:08 . Memory (MB): peak = 315.035 ; gain = 77.293
---------------------------------------------------------------------------------
ERROR: [Synth 8-1031] t_input is not declared [C:/Users/Misael/Desktop/UNB/7 SEMESTRE/PROJETO DE CIRCUITOS RECONFIGURAVEIS/Lista1/ex3_neuronioGMBII/ex3_neuronioGMBII.srcs/sources_1/imports/simauto/entities.vhd:102]
ERROR: [Synth 8-1031] t_input is not declared [C:/Users/Misael/Desktop/UNB/7 SEMESTRE/PROJETO DE CIRCUITOS RECONFIGURAVEIS/Lista1/ex3_neuronioGMBII/ex3_neuronioGMBII.srcs/sources_1/imports/simauto/entities.vhd:103]
ERROR: [Synth 8-1031] t_input is not declared [C:/Users/Misael/Desktop/UNB/7 SEMESTRE/PROJETO DE CIRCUITOS RECONFIGURAVEIS/Lista1/ex3_neuronioGMBII/ex3_neuronioGMBII.srcs/sources_1/imports/simauto/entities.vhd:113]
ERROR: [Synth 8-1031] t_output is not declared [C:/Users/Misael/Desktop/UNB/7 SEMESTRE/PROJETO DE CIRCUITOS RECONFIGURAVEIS/Lista1/ex3_neuronioGMBII/ex3_neuronioGMBII.srcs/sources_1/imports/simauto/entities.vhd:114]
INFO: [Synth 8-2810] unit entities ignored due to previous errors [C:/Users/Misael/Desktop/UNB/7 SEMESTRE/PROJETO DE CIRCUITOS RECONFIGURAVEIS/Lista1/ex3_neuronioGMBII/ex3_neuronioGMBII.srcs/sources_1/imports/simauto/entities.vhd:17]
---------------------------------------------------------------------------------
Finished RTL Elaboration : Time (s): cpu = 00:00:09 ; elapsed = 00:00:09 . Memory (MB): peak = 355.359 ; gain = 117.617
---------------------------------------------------------------------------------
RTL Elaboration failed
2 Infos, 0 Warnings, 0 Critical Warnings and 5 Errors encountered.
synth_design failed
ERROR: [Common 17-69] Command failed: Synthesis failed - please see the console or run log file for details
INFO: [Common 17-206] Exiting Vivado at Tue May 14 23:53:28 2019...
